2019-09-08 20:54:26.925 INFO [main]com.example.phone.PhoneApplication.logStarting:50 -Starting PhoneApplication on DESKTOP-CNBG6IH with PID 13720 (H:\graduate\target\classes started by ligengxian in H:\graduate)
2019-09-08 20:54:26.958 INFO [main]com.example.phone.PhoneApplication.logStartupProfileInfo:675 -No active profile set, falling back to default profiles: default
2019-09-08 20:54:27.774 INFO [main]o.s.d.repository.config.RepositoryConfigurationDelegate.multipleStoresDetected:244 -Multiple Spring Data modules found, entering strict repository configuration mode!
2019-09-08 20:54:27.776 INFO [main]o.s.d.repository.config.RepositoryConfigurationDelegate.registerRepositoriesIn:126 -Bootstrapping Spring Data repositories in DEFAULT mode.
2019-09-08 20:54:27.808 INFO [main]o.s.d.repository.config.RepositoryConfigurationDelegate.registerRepositoriesIn:182 -Finished Spring Data repository scanning in 12ms. Found 0 repository interfaces.
2019-09-08 20:54:28.219 INFO [main]o.s.c.s.PostProcessorRegistrationDelegate$BeanPostProcessorChecker.postProcessAfterInitialization:330 -Bean 'org.springframework.transaction.annotation.ProxyTransactionManagementConfiguration' of type [org.springframework.transaction.annotation.ProxyTransactionManagementConfiguration$$EnhancerBySpringCGLIB$$e5d94a7f] is not eligible for getting processed by all BeanPostProcessors (for example: not eligible for auto-proxying)
2019-09-08 20:54:28.788 INFO [main]o.s.boot.web.embedded.tomcat.TomcatWebServer.initialize:90 -Tomcat initialized with port(s): 8080 (http)
2019-09-08 20:54:28.866 INFO [main]org.apache.coyote.http11.Http11NioProtocol.log:173 -Initializing ProtocolHandler ["http-nio-8080"]
2019-09-08 20:54:28.918 INFO [main]org.apache.catalina.core.StandardService.log:173 -Starting service [Tomcat]
2019-09-08 20:54:28.922 INFO [main]org.apache.catalina.core.StandardEngine.log:173 -Starting Servlet engine: [Apache Tomcat/9.0.14]
2019-09-08 20:54:28.972 INFO [main]org.apache.catalina.core.AprLifecycleListener.log:173 -The APR based Apache Tomcat Native library which allows optimal performance in production environments was not found on the java.library.path: [E:\jdk1.8\bin;C:\WINDOWS\Sun\Java\bin;C:\WINDOWS\system32;C:\WINDOWS;E:\oracle\app\oracle\product\10.2.0\server\bin;C:\ProgramData\Oracle\Java\javapath;C:\Program Files (x86)\Intel\Intel(R) Management Engine Components\iCLS\;C:\Program Files\Intel\Intel(R) Management Engine Components\iCLS\;C:\Windows\system32;C:\Windows;C:\Windows\System32\Wbem;C:\Windows\System32\WindowsPowerShell\v1.0\;C:\Program Files (x86)\NVIDIA Corporation\PhysX\Common;C:\Program Files\Intel\WiFi\bin\;C:\Program Files\Common Files\Intel\WirelessCommon\;C:\Program Files (x86)\Intel\Intel(R) Management Engine Components\DAL;C:\Program Files\Intel\Intel(R) Management Engine Components\DAL;C:\Program Files (x86)\Intel\Intel(R) Management Engine Components\IPT;C:\Program Files\Intel\Intel(R) Management Engine Components\IPT;C:\Program Files\Java\jdk1.8.0_91\bin;C:\Program Files\Java\jdk1.8.0_91\jre\bin;H:\maven\bin;C:\WINDOWS\system32;C:\WINDOWS;C:\WINDOWS\System32\Wbem;C:\WINDOWS\System32\WindowsPowerShell\v1.0\;E:\git\Git\cmd;C:\Program Files\Redis\;C:\WINDOWS\System32\OpenSSH\;C:\Python27;E:\ngrock0\ngrok1\windows_386;E:\es\elasticsearch-5.6.8\bin;JAVA_OPTS=-Xms64m -Xmx512;H:\gradle\gradle-4.1\bin;C:\Program Files\Redis;"C:\Program Files\Java\jdk1.8.0_91\bin;C:\Program Files\Java\jdk1.8.0_91\jre\bin";C:\Program Files (x86)\MySQL\MySQL Server 5.5\bin;C:\Program Files (x86)\Subversion\bin;C:\Program Files (x86)\HP\IdrsOCR_15.2.10.1114\;E:\node\;C:\Users\ligengxian\AppData\Local\Microsoft\WindowsApps;E:\webstrom\WebStorm 191.5701.27\bin;C:\Users\ligengxian\AppData\Local\BypassRuntm;C:\Users\ligengxian\AppData\Roaming\npm;%USERPROFILE%\AppData\Local\Microsoft\WindowsApps;;.]
2019-09-08 20:54:29.185 INFO [main]o.a.catalina.core.ContainerBase.[Tomcat].[localhost].[/].log:173 -Initializing Spring embedded WebApplicationContext
2019-09-08 20:54:29.186 INFO [main]org.springframework.web.context.ContextLoader.prepareWebApplicationContext:296 -Root WebApplicationContext: initialization completed in 2168 ms
2019-09-08 20:54:30.531 INFO [main]o.s.scheduling.concurrent.ThreadPoolTaskExecutor.initialize:171 -Initializing ExecutorService 'applicationTaskExecutor'
2019-09-08 20:54:30.867 WARN [main]o.s.b.a.freemarker.FreeMarkerAutoConfiguration.checkTemplateLocationExists:70 -Cannot find template location(s): [classpath:/templates] (please add some templates, check your FreeMarker configuration, or set spring.freemarker.checkTemplateLocation=false)
2019-09-08 20:54:30.952 INFO [main]org.apache.coyote.http11.Http11NioProtocol.log:173 -Starting ProtocolHandler ["http-nio-8080"]
2019-09-08 20:54:30.966 INFO [main]org.apache.coyote.http11.Http11NioProtocol.log:173 -Pausing ProtocolHandler ["http-nio-8080"]
2019-09-08 20:54:30.967 INFO [main]org.apache.catalina.core.StandardService.log:173 -Stopping service [Tomcat]
2019-09-08 20:54:30.971 INFO [main]org.apache.catalina.util.LifecycleBase.log:173 -The stop() method was called on component [StandardServer[-1]] after stop() had already been called. The second call will be ignored.
2019-09-08 20:54:30.972 INFO [main]org.apache.coyote.http11.Http11NioProtocol.log:173 -Stopping ProtocolHandler ["http-nio-8080"]
2019-09-08 20:54:30.972 INFO [main]org.apache.coyote.http11.Http11NioProtocol.log:173 -Destroying ProtocolHandler ["http-nio-8080"]
2019-09-08 20:54:30.975 INFO [main]o.s.b.a.logging.ConditionEvaluationReportLoggingListener.logMessage:142 -

Error starting ApplicationContext. To display the conditions report re-run your application with 'debug' enabled.
2019-09-08 20:54:30.981 INFO [main]o.s.scheduling.concurrent.ThreadPoolTaskExecutor.shutdown:208 -Shutting down ExecutorService 'applicationTaskExecutor'
2019-09-08 21:00:45.796 INFO [main]com.example.phone.PhoneApplication.logStarting:50 -Starting PhoneApplication on DESKTOP-CNBG6IH with PID 5364 (H:\graduate\target\classes started by ligengxian in H:\graduate)
2019-09-08 21:00:45.804 INFO [main]com.example.phone.PhoneApplication.logStartupProfileInfo:675 -No active profile set, falling back to default profiles: default
2019-09-08 21:00:46.407 INFO [main]o.s.d.repository.config.RepositoryConfigurationDelegate.multipleStoresDetected:244 -Multiple Spring Data modules found, entering strict repository configuration mode!
2019-09-08 21:00:46.409 INFO [main]o.s.d.repository.config.RepositoryConfigurationDelegate.registerRepositoriesIn:126 -Bootstrapping Spring Data repositories in DEFAULT mode.
2019-09-08 21:00:46.431 INFO [main]o.s.d.repository.config.RepositoryConfigurationDelegate.registerRepositoriesIn:182 -Finished Spring Data repository scanning in 9ms. Found 0 repository interfaces.
2019-09-08 21:00:46.756 INFO [main]o.s.c.s.PostProcessorRegistrationDelegate$BeanPostProcessorChecker.postProcessAfterInitialization:330 -Bean 'org.springframework.transaction.annotation.ProxyTransactionManagementConfiguration' of type [org.springframework.transaction.annotation.ProxyTransactionManagementConfiguration$$EnhancerBySpringCGLIB$$8c0f750] is not eligible for getting processed by all BeanPostProcessors (for example: not eligible for auto-proxying)
2019-09-08 21:00:47.067 INFO [main]o.s.boot.web.embedded.tomcat.TomcatWebServer.initialize:90 -Tomcat initialized with port(s): 8080 (http)
2019-09-08 21:00:47.079 INFO [main]org.apache.coyote.http11.Http11NioProtocol.log:173 -Initializing ProtocolHandler ["http-nio-8080"]
2019-09-08 21:00:47.087 INFO [main]org.apache.catalina.core.StandardService.log:173 -Starting service [Tomcat]
2019-09-08 21:00:47.087 INFO [main]org.apache.catalina.core.StandardEngine.log:173 -Starting Servlet engine: [Apache Tomcat/9.0.14]
2019-09-08 21:00:47.093 INFO [main]org.apache.catalina.core.AprLifecycleListener.log:173 -The APR based Apache Tomcat Native library which allows optimal performance in production environments was not found on the java.library.path: [E:\jdk1.8\bin;C:\WINDOWS\Sun\Java\bin;C:\WINDOWS\system32;C:\WINDOWS;E:\oracle\app\oracle\product\10.2.0\server\bin;C:\ProgramData\Oracle\Java\javapath;C:\Program Files (x86)\Intel\Intel(R) Management Engine Components\iCLS\;C:\Program Files\Intel\Intel(R) Management Engine Components\iCLS\;C:\Windows\system32;C:\Windows;C:\Windows\System32\Wbem;C:\Windows\System32\WindowsPowerShell\v1.0\;C:\Program Files (x86)\NVIDIA Corporation\PhysX\Common;C:\Program Files\Intel\WiFi\bin\;C:\Program Files\Common Files\Intel\WirelessCommon\;C:\Program Files (x86)\Intel\Intel(R) Management Engine Components\DAL;C:\Program Files\Intel\Intel(R) Management Engine Components\DAL;C:\Program Files (x86)\Intel\Intel(R) Management Engine Components\IPT;C:\Program Files\Intel\Intel(R) Management Engine Components\IPT;C:\Program Files\Java\jdk1.8.0_91\bin;C:\Program Files\Java\jdk1.8.0_91\jre\bin;H:\maven\bin;C:\WINDOWS\system32;C:\WINDOWS;C:\WINDOWS\System32\Wbem;C:\WINDOWS\System32\WindowsPowerShell\v1.0\;E:\git\Git\cmd;C:\Program Files\Redis\;C:\WINDOWS\System32\OpenSSH\;C:\Python27;E:\ngrock0\ngrok1\windows_386;E:\es\elasticsearch-5.6.8\bin;JAVA_OPTS=-Xms64m -Xmx512;H:\gradle\gradle-4.1\bin;C:\Program Files\Redis;"C:\Program Files\Java\jdk1.8.0_91\bin;C:\Program Files\Java\jdk1.8.0_91\jre\bin";C:\Program Files (x86)\MySQL\MySQL Server 5.5\bin;C:\Program Files (x86)\Subversion\bin;C:\Program Files (x86)\HP\IdrsOCR_15.2.10.1114\;E:\node\;C:\Users\ligengxian\AppData\Local\Microsoft\WindowsApps;E:\webstrom\WebStorm 191.5701.27\bin;C:\Users\ligengxian\AppData\Local\BypassRuntm;C:\Users\ligengxian\AppData\Roaming\npm;%USERPROFILE%\AppData\Local\Microsoft\WindowsApps;;.]
2019-09-08 21:00:47.177 INFO [main]o.a.catalina.core.ContainerBase.[Tomcat].[localhost].[/].log:173 -Initializing Spring embedded WebApplicationContext
2019-09-08 21:00:47.177 INFO [main]org.springframework.web.context.ContextLoader.prepareWebApplicationContext:296 -Root WebApplicationContext: initialization completed in 1325 ms
2019-09-08 21:00:47.794 INFO [main]o.s.scheduling.concurrent.ThreadPoolTaskExecutor.initialize:171 -Initializing ExecutorService 'applicationTaskExecutor'
2019-09-08 21:00:48.060 WARN [main]o.s.b.a.freemarker.FreeMarkerAutoConfiguration.checkTemplateLocationExists:70 -Cannot find template location(s): [classpath:/templates] (please add some templates, check your FreeMarker configuration, or set spring.freemarker.checkTemplateLocation=false)
2019-09-08 21:00:48.146 INFO [main]org.apache.coyote.http11.Http11NioProtocol.log:173 -Starting ProtocolHandler ["http-nio-8080"]
2019-09-08 21:00:48.259 INFO [main]o.s.boot.web.embedded.tomcat.TomcatWebServer.start:204 -Tomcat started on port(s): 8080 (http) with context path ''
2019-09-08 21:00:48.262 INFO [main]com.example.phone.PhoneApplication.logStarted:59 -Started PhoneApplication in 2.871 seconds (JVM running for 3.653)
2019-09-08 21:01:11.077 INFO [http-nio-8080-exec-1]o.a.catalina.core.ContainerBase.[Tomcat].[localhost].[/].log:173 -Initializing Spring DispatcherServlet 'dispatcherServlet'
2019-09-08 21:01:11.078 INFO [http-nio-8080-exec-1]org.springframework.web.servlet.DispatcherServlet.initServletBean:524 -Initializing Servlet 'dispatcherServlet'
2019-09-08 21:01:11.088 INFO [http-nio-8080-exec-1]org.springframework.web.servlet.DispatcherServlet.initServletBean:546 -Completed initialization in 10 ms
2019-09-08 21:01:11.252 INFO [http-nio-8080-exec-1]com.zaxxer.hikari.HikariDataSource.getConnection:110 -HikariPool-1 - Starting...
2019-09-08 21:01:11.474 INFO [http-nio-8080-exec-1]com.zaxxer.hikari.HikariDataSource.getConnection:123 -HikariPool-1 - Start completed.
2019-09-08 21:09:16.582 INFO [main]com.example.phone.PhoneApplication.logStarting:50 -Starting PhoneApplication on DESKTOP-CNBG6IH with PID 6788 (H:\graduate\target\classes started by ligengxian in H:\graduate)
2019-09-08 21:09:16.589 INFO [main]com.example.phone.PhoneApplication.logStartupProfileInfo:675 -No active profile set, falling back to default profiles: default
2019-09-08 21:09:17.160 INFO [main]o.s.d.repository.config.RepositoryConfigurationDelegate.multipleStoresDetected:244 -Multiple Spring Data modules found, entering strict repository configuration mode!
2019-09-08 21:09:17.162 INFO [main]o.s.d.repository.config.RepositoryConfigurationDelegate.registerRepositoriesIn:126 -Bootstrapping Spring Data repositories in DEFAULT mode.
2019-09-08 21:09:17.187 INFO [main]o.s.d.repository.config.RepositoryConfigurationDelegate.registerRepositoriesIn:182 -Finished Spring Data repository scanning in 14ms. Found 0 repository interfaces.
2019-09-08 21:09:17.481 INFO [main]o.s.c.s.PostProcessorRegistrationDelegate$BeanPostProcessorChecker.postProcessAfterInitialization:330 -Bean 'org.springframework.transaction.annotation.ProxyTransactionManagementConfiguration' of type [org.springframework.transaction.annotation.ProxyTransactionManagementConfiguration$$EnhancerBySpringCGLIB$$3567f329] is not eligible for getting processed by all BeanPostProcessors (for example: not eligible for auto-proxying)
2019-09-08 21:09:17.774 INFO [main]o.s.boot.web.embedded.tomcat.TomcatWebServer.initialize:90 -Tomcat initialized with port(s): 8080 (http)
2019-09-08 21:09:17.786 INFO [main]org.apache.coyote.http11.Http11NioProtocol.log:173 -Initializing ProtocolHandler ["http-nio-8080"]
2019-09-08 21:09:17.794 INFO [main]org.apache.catalina.core.StandardService.log:173 -Starting service [Tomcat]
2019-09-08 21:09:17.794 INFO [main]org.apache.catalina.core.StandardEngine.log:173 -Starting Servlet engine: [Apache Tomcat/9.0.14]
2019-09-08 21:09:17.799 INFO [main]org.apache.catalina.core.AprLifecycleListener.log:173 -The APR based Apache Tomcat Native library which allows optimal performance in production environments was not found on the java.library.path: [E:\jdk1.8\bin;C:\WINDOWS\Sun\Java\bin;C:\WINDOWS\system32;C:\WINDOWS;E:\oracle\app\oracle\product\10.2.0\server\bin;C:\ProgramData\Oracle\Java\javapath;C:\Program Files (x86)\Intel\Intel(R) Management Engine Components\iCLS\;C:\Program Files\Intel\Intel(R) Management Engine Components\iCLS\;C:\Windows\system32;C:\Windows;C:\Windows\System32\Wbem;C:\Windows\System32\WindowsPowerShell\v1.0\;C:\Program Files (x86)\NVIDIA Corporation\PhysX\Common;C:\Program Files\Intel\WiFi\bin\;C:\Program Files\Common Files\Intel\WirelessCommon\;C:\Program Files (x86)\Intel\Intel(R) Management Engine Components\DAL;C:\Program Files\Intel\Intel(R) Management Engine Components\DAL;C:\Program Files (x86)\Intel\Intel(R) Management Engine Components\IPT;C:\Program Files\Intel\Intel(R) Management Engine Components\IPT;C:\Program Files\Java\jdk1.8.0_91\bin;C:\Program Files\Java\jdk1.8.0_91\jre\bin;H:\maven\bin;C:\WINDOWS\system32;C:\WINDOWS;C:\WINDOWS\System32\Wbem;C:\WINDOWS\System32\WindowsPowerShell\v1.0\;E:\git\Git\cmd;C:\Program Files\Redis\;C:\WINDOWS\System32\OpenSSH\;C:\Python27;E:\ngrock0\ngrok1\windows_386;E:\es\elasticsearch-5.6.8\bin;JAVA_OPTS=-Xms64m -Xmx512;H:\gradle\gradle-4.1\bin;C:\Program Files\Redis;"C:\Program Files\Java\jdk1.8.0_91\bin;C:\Program Files\Java\jdk1.8.0_91\jre\bin";C:\Program Files (x86)\MySQL\MySQL Server 5.5\bin;C:\Program Files (x86)\Subversion\bin;C:\Program Files (x86)\HP\IdrsOCR_15.2.10.1114\;E:\node\;C:\Users\ligengxian\AppData\Local\Microsoft\WindowsApps;E:\webstrom\WebStorm 191.5701.27\bin;C:\Users\ligengxian\AppData\Local\BypassRuntm;C:\Users\ligengxian\AppData\Roaming\npm;%USERPROFILE%\AppData\Local\Microsoft\WindowsApps;;.]
2019-09-08 21:09:17.878 INFO [main]o.a.catalina.core.ContainerBase.[Tomcat].[localhost].[/].log:173 -Initializing Spring embedded WebApplicationContext
2019-09-08 21:09:17.879 INFO [main]org.springframework.web.context.ContextLoader.prepareWebApplicationContext:296 -Root WebApplicationContext: initialization completed in 1245 ms
2019-09-08 21:09:18.492 INFO [main]o.s.scheduling.concurrent.ThreadPoolTaskExecutor.initialize:171 -Initializing ExecutorService 'applicationTaskExecutor'
2019-09-08 21:09:18.777 WARN [main]o.s.b.a.freemarker.FreeMarkerAutoConfiguration.checkTemplateLocationExists:70 -Cannot find template location(s): [classpath:/templates] (please add some templates, check your FreeMarker configuration, or set spring.freemarker.checkTemplateLocation=false)
2019-09-08 21:09:18.851 INFO [main]org.apache.coyote.http11.Http11NioProtocol.log:173 -Starting ProtocolHandler ["http-nio-8080"]
2019-09-08 21:09:18.872 INFO [main]o.s.boot.web.embedded.tomcat.TomcatWebServer.start:204 -Tomcat started on port(s): 8080 (http) with context path ''
2019-09-08 21:09:18.874 INFO [main]com.example.phone.PhoneApplication.logStarted:59 -Started PhoneApplication in 2.707 seconds (JVM running for 3.532)
2019-09-08 21:09:32.283 INFO [http-nio-8080-exec-1]o.a.catalina.core.ContainerBase.[Tomcat].[localhost].[/].log:173 -Initializing Spring DispatcherServlet 'dispatcherServlet'
2019-09-08 21:09:32.284 INFO [http-nio-8080-exec-1]org.springframework.web.servlet.DispatcherServlet.initServletBean:524 -Initializing Servlet 'dispatcherServlet'
2019-09-08 21:09:32.295 INFO [http-nio-8080-exec-1]org.springframework.web.servlet.DispatcherServlet.initServletBean:546 -Completed initialization in 11 ms
2019-09-08 21:12:10.880 INFO [http-nio-8080-exec-6]com.zaxxer.hikari.HikariDataSource.getConnection:110 -HikariPool-1 - Starting...
2019-09-08 21:12:10.990 INFO [http-nio-8080-exec-6]com.zaxxer.hikari.HikariDataSource.getConnection:123 -HikariPool-1 - Start completed.
