2019-02-26 21:42:37.496 INFO [main]com.example.phone.PhoneApplication.logStarting:50 -Starting PhoneApplication on DESKTOP-CNBG6IH with PID 17612 (H:\peixun\target\classes started by ligengxian in H:\peixun)
2019-02-26 21:42:37.500 INFO [main]com.example.phone.PhoneApplication.logStartupProfileInfo:675 -No active profile set, falling back to default profiles: default
2019-02-26 21:42:38.520 INFO [main]o.s.d.repository.config.RepositoryConfigurationDelegate.multipleStoresDetected:244 -Multiple Spring Data modules found, entering strict repository configuration mode!
2019-02-26 21:42:38.522 INFO [main]o.s.d.repository.config.RepositoryConfigurationDelegate.registerRepositoriesIn:126 -Bootstrapping Spring Data repositories in DEFAULT mode.
2019-02-26 21:42:38.553 INFO [main]o.s.d.repository.config.RepositoryConfigurationDelegate.registerRepositoriesIn:182 -Finished Spring Data repository scanning in 11ms. Found 0 repository interfaces.
2019-02-26 21:42:38.840 INFO [main]o.s.c.s.PostProcessorRegistrationDelegate$BeanPostProcessorChecker.postProcessAfterInitialization:330 -Bean 'org.springframework.transaction.annotation.ProxyTransactionManagementConfiguration' of type [org.springframework.transaction.annotation.ProxyTransactionManagementConfiguration$$EnhancerBySpringCGLIB$$8e4b6e8f] is not eligible for getting processed by all BeanPostProcessors (for example: not eligible for auto-proxying)
2019-02-26 21:42:39.108 INFO [main]o.s.boot.web.embedded.tomcat.TomcatWebServer.initialize:90 -Tomcat initialized with port(s): 8080 (http)
2019-02-26 21:42:39.117 INFO [main]org.apache.coyote.http11.Http11NioProtocol.log:173 -Initializing ProtocolHandler ["http-nio-8080"]
2019-02-26 21:42:39.124 INFO [main]org.apache.catalina.core.StandardService.log:173 -Starting service [Tomcat]
2019-02-26 21:42:39.124 INFO [main]org.apache.catalina.core.StandardEngine.log:173 -Starting Servlet engine: [Apache Tomcat/9.0.14]
2019-02-26 21:42:39.129 INFO [main]org.apache.catalina.core.AprLifecycleListener.log:173 -The APR based Apache Tomcat Native library which allows optimal performance in production environments was not found on the java.library.path: [E:\jdk1.8\bin;C:\WINDOWS\Sun\Java\bin;C:\WINDOWS\system32;C:\WINDOWS;E:\oracle\app\oracle\product\10.2.0\server\bin;C:\ProgramData\Oracle\Java\javapath;C:\Program Files (x86)\Intel\Intel(R) Management Engine Components\iCLS\;C:\Program Files\Intel\Intel(R) Management Engine Components\iCLS\;C:\Windows\system32;C:\Windows;C:\Windows\System32\Wbem;C:\Windows\System32\WindowsPowerShell\v1.0\;C:\Program Files (x86)\NVIDIA Corporation\PhysX\Common;C:\Program Files\Intel\WiFi\bin\;C:\Program Files\Common Files\Intel\WirelessCommon\;C:\Program Files (x86)\Intel\Intel(R) Management Engine Components\DAL;C:\Program Files\Intel\Intel(R) Management Engine Components\DAL;C:\Program Files (x86)\Intel\Intel(R) Management Engine Components\IPT;C:\Program Files\Intel\Intel(R) Management Engine Components\IPT;C:\Program Files\Java\jdk1.8.0_91\bin;C:\Program Files\Java\jdk1.8.0_91\jre\bin;H:\maven\bin;C:\WINDOWS\system32;C:\WINDOWS;C:\WINDOWS\System32\Wbem;C:\WINDOWS\System32\WindowsPowerShell\v1.0\;E:\git\Git\cmd;C:\Program Files\Redis\;C:\WINDOWS\System32\OpenSSH\;C:\Python27;E:\ngrock0\ngrok1\windows_386;E:\es\elasticsearch-5.6.8\bin;JAVA_OPTS=-Xms64m -Xmx512;H:\gradle\gradle-4.1\bin;C:\Program Files\Redis;"C:\Program Files\Java\jdk1.8.0_91\bin;C:\Program Files\Java\jdk1.8.0_91\jre\bin";C:\Program Files (x86)\MySQL\MySQL Server 5.5\bin;C:\Users\ligengxian\AppData\Local\Microsoft\WindowsApps;;.]
2019-02-26 21:42:39.220 INFO [main]o.a.catalina.core.ContainerBase.[Tomcat].[localhost].[/].log:173 -Initializing Spring embedded WebApplicationContext
2019-02-26 21:42:39.220 INFO [main]org.springframework.web.context.ContextLoader.prepareWebApplicationContext:296 -Root WebApplicationContext: initialization completed in 1688 ms
2019-02-26 21:42:40.044 INFO [main]o.s.scheduling.concurrent.ThreadPoolTaskExecutor.initialize:171 -Initializing ExecutorService 'applicationTaskExecutor'
2019-02-26 21:42:40.302 WARN [main]o.s.b.a.freemarker.FreeMarkerAutoConfiguration.checkTemplateLocationExists:70 -Cannot find template location(s): [classpath:/templates] (please add some templates, check your FreeMarker configuration, or set spring.freemarker.checkTemplateLocation=false)
2019-02-26 21:42:40.376 INFO [main]org.apache.coyote.http11.Http11NioProtocol.log:173 -Starting ProtocolHandler ["http-nio-8080"]
2019-02-26 21:42:40.388 INFO [main]org.apache.coyote.http11.Http11NioProtocol.log:173 -Pausing ProtocolHandler ["http-nio-8080"]
2019-02-26 21:42:40.389 INFO [main]org.apache.catalina.core.StandardService.log:173 -Stopping service [Tomcat]
2019-02-26 21:42:40.393 INFO [main]org.apache.catalina.util.LifecycleBase.log:173 -The stop() method was called on component [StandardServer[-1]] after stop() had already been called. The second call will be ignored.
2019-02-26 21:42:40.393 INFO [main]org.apache.coyote.http11.Http11NioProtocol.log:173 -Stopping ProtocolHandler ["http-nio-8080"]
2019-02-26 21:42:40.393 INFO [main]org.apache.coyote.http11.Http11NioProtocol.log:173 -Destroying ProtocolHandler ["http-nio-8080"]
2019-02-26 21:42:40.395 INFO [main]o.s.b.a.logging.ConditionEvaluationReportLoggingListener.logMessage:142 -

Error starting ApplicationContext. To display the conditions report re-run your application with 'debug' enabled.
2019-02-26 21:42:40.402 INFO [main]o.s.scheduling.concurrent.ThreadPoolTaskExecutor.shutdown:208 -Shutting down ExecutorService 'applicationTaskExecutor'
2019-02-26 21:43:35.822 INFO [main]com.example.phone.PhoneApplication.logStarting:50 -Starting PhoneApplication on DESKTOP-CNBG6IH with PID 23348 (H:\peixun\target\classes started by ligengxian in H:\peixun)
2019-02-26 21:43:35.826 INFO [main]com.example.phone.PhoneApplication.logStartupProfileInfo:675 -No active profile set, falling back to default profiles: default
2019-02-26 21:43:36.363 INFO [main]o.s.d.repository.config.RepositoryConfigurationDelegate.multipleStoresDetected:244 -Multiple Spring Data modules found, entering strict repository configuration mode!
2019-02-26 21:43:36.365 INFO [main]o.s.d.repository.config.RepositoryConfigurationDelegate.registerRepositoriesIn:126 -Bootstrapping Spring Data repositories in DEFAULT mode.
2019-02-26 21:43:36.390 INFO [main]o.s.d.repository.config.RepositoryConfigurationDelegate.registerRepositoriesIn:182 -Finished Spring Data repository scanning in 12ms. Found 0 repository interfaces.
2019-02-26 21:43:36.658 INFO [main]o.s.c.s.PostProcessorRegistrationDelegate$BeanPostProcessorChecker.postProcessAfterInitialization:330 -Bean 'org.springframework.transaction.annotation.ProxyTransactionManagementConfiguration' of type [org.springframework.transaction.annotation.ProxyTransactionManagementConfiguration$$EnhancerBySpringCGLIB$$c4426d] is not eligible for getting processed by all BeanPostProcessors (for example: not eligible for auto-proxying)
2019-02-26 21:43:36.913 INFO [main]o.s.boot.web.embedded.tomcat.TomcatWebServer.initialize:90 -Tomcat initialized with port(s): 8080 (http)
2019-02-26 21:43:36.923 INFO [main]org.apache.coyote.http11.Http11NioProtocol.log:173 -Initializing ProtocolHandler ["http-nio-8080"]
2019-02-26 21:43:36.931 INFO [main]org.apache.catalina.core.StandardService.log:173 -Starting service [Tomcat]
2019-02-26 21:43:36.931 INFO [main]org.apache.catalina.core.StandardEngine.log:173 -Starting Servlet engine: [Apache Tomcat/9.0.14]
2019-02-26 21:43:36.936 INFO [main]org.apache.catalina.core.AprLifecycleListener.log:173 -The APR based Apache Tomcat Native library which allows optimal performance in production environments was not found on the java.library.path: [E:\jdk1.8\bin;C:\WINDOWS\Sun\Java\bin;C:\WINDOWS\system32;C:\WINDOWS;E:\oracle\app\oracle\product\10.2.0\server\bin;C:\ProgramData\Oracle\Java\javapath;C:\Program Files (x86)\Intel\Intel(R) Management Engine Components\iCLS\;C:\Program Files\Intel\Intel(R) Management Engine Components\iCLS\;C:\Windows\system32;C:\Windows;C:\Windows\System32\Wbem;C:\Windows\System32\WindowsPowerShell\v1.0\;C:\Program Files (x86)\NVIDIA Corporation\PhysX\Common;C:\Program Files\Intel\WiFi\bin\;C:\Program Files\Common Files\Intel\WirelessCommon\;C:\Program Files (x86)\Intel\Intel(R) Management Engine Components\DAL;C:\Program Files\Intel\Intel(R) Management Engine Components\DAL;C:\Program Files (x86)\Intel\Intel(R) Management Engine Components\IPT;C:\Program Files\Intel\Intel(R) Management Engine Components\IPT;C:\Program Files\Java\jdk1.8.0_91\bin;C:\Program Files\Java\jdk1.8.0_91\jre\bin;H:\maven\bin;C:\WINDOWS\system32;C:\WINDOWS;C:\WINDOWS\System32\Wbem;C:\WINDOWS\System32\WindowsPowerShell\v1.0\;E:\git\Git\cmd;C:\Program Files\Redis\;C:\WINDOWS\System32\OpenSSH\;C:\Python27;E:\ngrock0\ngrok1\windows_386;E:\es\elasticsearch-5.6.8\bin;JAVA_OPTS=-Xms64m -Xmx512;H:\gradle\gradle-4.1\bin;C:\Program Files\Redis;"C:\Program Files\Java\jdk1.8.0_91\bin;C:\Program Files\Java\jdk1.8.0_91\jre\bin";C:\Program Files (x86)\MySQL\MySQL Server 5.5\bin;C:\Users\ligengxian\AppData\Local\Microsoft\WindowsApps;;.]
2019-02-26 21:43:37.020 INFO [main]o.a.catalina.core.ContainerBase.[Tomcat].[localhost].[/].log:173 -Initializing Spring embedded WebApplicationContext
2019-02-26 21:43:37.020 INFO [main]org.springframework.web.context.ContextLoader.prepareWebApplicationContext:296 -Root WebApplicationContext: initialization completed in 1150 ms
2019-02-26 21:43:37.599 INFO [main]o.s.scheduling.concurrent.ThreadPoolTaskExecutor.initialize:171 -Initializing ExecutorService 'applicationTaskExecutor'
2019-02-26 21:43:37.846 WARN [main]o.s.b.a.freemarker.FreeMarkerAutoConfiguration.checkTemplateLocationExists:70 -Cannot find template location(s): [classpath:/templates] (please add some templates, check your FreeMarker configuration, or set spring.freemarker.checkTemplateLocation=false)
2019-02-26 21:43:37.920 INFO [main]org.apache.coyote.http11.Http11NioProtocol.log:173 -Starting ProtocolHandler ["http-nio-8080"]
2019-02-26 21:43:37.939 INFO [main]o.s.boot.web.embedded.tomcat.TomcatWebServer.start:204 -Tomcat started on port(s): 8080 (http) with context path ''
2019-02-26 21:43:37.941 INFO [main]com.example.phone.PhoneApplication.logStarted:59 -Started PhoneApplication in 2.539 seconds (JVM running for 3.169)
2019-02-26 22:20:39.176 INFO [http-nio-8080-exec-1]o.a.catalina.core.ContainerBase.[Tomcat].[localhost].[/].log:173 -Initializing Spring DispatcherServlet 'dispatcherServlet'
2019-02-26 22:20:39.176 INFO [http-nio-8080-exec-1]org.springframework.web.servlet.DispatcherServlet.initServletBean:524 -Initializing Servlet 'dispatcherServlet'
2019-02-26 22:20:39.196 INFO [http-nio-8080-exec-1]org.springframework.web.servlet.DispatcherServlet.initServletBean:546 -Completed initialization in 20 ms
2019-02-26 22:20:39.757 INFO [http-nio-8080-exec-2]com.zaxxer.hikari.HikariDataSource.getConnection:110 -HikariPool-1 - Starting...
2019-02-26 22:20:39.857 INFO [http-nio-8080-exec-2]com.zaxxer.hikari.HikariDataSource.getConnection:123 -HikariPool-1 - Start completed.
2019-02-26 22:20:40.020 INFO [http-nio-8080-exec-2]io.lettuce.core.EpollProvider.<clinit>:68 -Starting without optional epoll library
2019-02-26 22:20:40.021 INFO [http-nio-8080-exec-2]io.lettuce.core.KqueueProvider.<clinit>:70 -Starting without optional kqueue library
