2019-12-01 18:40:39.531 INFO [main]com.example.phone.PhoneApplication.logStarting:50 -Starting PhoneApplication on DESKTOP-109IUIC with PID 650120 (started by ligengxian in D:\旧电脑资料\搬运工\毕业设计\graduate)
2019-12-01 18:40:39.538 INFO [main]com.example.phone.PhoneApplication.logStartupProfileInfo:675 -No active profile set, falling back to default profiles: default
2019-12-01 18:40:42.170 INFO [main]o.s.d.repository.config.RepositoryConfigurationDelegate.multipleStoresDetected:244 -Multiple Spring Data modules found, entering strict repository configuration mode!
2019-12-01 18:40:42.175 INFO [main]o.s.d.repository.config.RepositoryConfigurationDelegate.registerRepositoriesIn:126 -Bootstrapping Spring Data repositories in DEFAULT mode.
2019-12-01 18:40:42.244 INFO [main]o.s.d.repository.config.RepositoryConfigurationDelegate.registerRepositoriesIn:182 -Finished Spring Data repository scanning in 39ms. Found 0 repository interfaces.
2019-12-01 18:40:42.803 INFO [main]o.s.c.s.PostProcessorRegistrationDelegate$BeanPostProcessorChecker.postProcessAfterInitialization:330 -Bean 'org.springframework.transaction.annotation.ProxyTransactionManagementConfiguration' of type [org.springframework.transaction.annotation.ProxyTransactionManagementConfiguration$$EnhancerBySpringCGLIB$$d0c5293c] is not eligible for getting processed by all BeanPostProcessors (for example: not eligible for auto-proxying)
2019-12-01 18:40:43.911 INFO [main]o.s.boot.web.embedded.tomcat.TomcatWebServer.initialize:90 -Tomcat initialized with port(s): 8080 (http)
2019-12-01 18:40:43.955 INFO [main]org.apache.coyote.http11.Http11NioProtocol.log:173 -Initializing ProtocolHandler ["http-nio-8080"]
2019-12-01 18:40:43.993 INFO [main]org.apache.catalina.core.StandardService.log:173 -Starting service [Tomcat]
2019-12-01 18:40:43.994 INFO [main]org.apache.catalina.core.StandardEngine.log:173 -Starting Servlet engine: [Apache Tomcat/9.0.14]
2019-12-01 18:40:44.010 INFO [main]org.apache.catalina.core.AprLifecycleListener.log:173 -The APR based Apache Tomcat Native library which allows optimal performance in production environments was not found on the java.library.path: [D:\jdk\java\jdk1.8.0_181\bin;C:\Windows\Sun\Java\bin;C:\Windows\system32;C:\Windows;C:\Program Files (x86)\Intel\Intel(R) Management Engine Components\iCLS\;C:\Program Files\Intel\Intel(R) Management Engine Components\iCLS\;C:\Windows\system32;C:\Windows;C:\Windows\System32\Wbem;C:\Windows\System32\WindowsPowerShell\v1.0\;C:\Windows\System32\OpenSSH\;C:\Program Files (x86)\Intel\Intel(R) Management Engine Components\DAL;C:\Program Files\Intel\Intel(R) Management Engine Components\DAL;C:\Program Files\MySQL\MySQL Server 5.5\bin;C:\Program Files\Git\cmd;D:\maven\apache-maven-3.6.1\bin;D:\软件\node.js\;C:\Program Files\Java\jdk1.7.0_80bin;C:\Program Files\Java\jdk1.7.0_80\jre\bin;D:\appServer\wxx\WoXingXiao\taobao-tomcat-7.0.59\deploy\;C:\Users\86186\AppData\Local\Programs\Python\Python37\Scripts;C:\Users\86186\AppData\Local\Programs\Python\Python37;C:\Program Files (x86)\Google\Chrome\Application;C:\Program Files (x86)\Tesseract-OCR;C:\Users\86186\AppData\Local\Programs\Python\Python37\Scripts\django-admin.exe;C:\Users\86186\AppData\Local\Programs\Python\Python37\Scripts\;C:\Users\86186\AppData\Local\Programs\Python\Python37\;C:\Users\86186\AppData\Local\Microsoft\WindowsApps;C:\Program Files\JetBrains\IntelliJ IDEA 2019.1.3\bin;;C:\Users\86186\AppData\Roaming\npm;C:\Users\86186\AppData\Local\Programs\Microsoft VS Code\bin;D:\软件慢慢归一化\pycharm\PyCharm Community Edition 2019.2.4\bin;;C:\Program Files (x86)\Google\Chrome\Application\chromedriver.exe;;.]
2019-12-01 18:40:44.635 INFO [main]o.a.catalina.core.ContainerBase.[Tomcat].[localhost].[/].log:173 -Initializing Spring embedded WebApplicationContext
2019-12-01 18:40:44.636 INFO [main]org.springframework.web.context.ContextLoader.prepareWebApplicationContext:296 -Root WebApplicationContext: initialization completed in 4938 ms
2019-12-01 18:40:46.106 INFO [main]o.s.scheduling.concurrent.ThreadPoolTaskExecutor.initialize:171 -Initializing ExecutorService 'applicationTaskExecutor'
2019-12-01 18:40:46.619 WARN [main]o.s.b.a.freemarker.FreeMarkerAutoConfiguration.checkTemplateLocationExists:70 -Cannot find template location(s): [classpath:/templates] (please add some templates, check your FreeMarker configuration, or set spring.freemarker.checkTemplateLocation=false)
2019-12-01 18:40:46.759 INFO [main]org.apache.coyote.http11.Http11NioProtocol.log:173 -Starting ProtocolHandler ["http-nio-8080"]
2019-12-01 18:40:46.817 INFO [main]o.s.boot.web.embedded.tomcat.TomcatWebServer.start:204 -Tomcat started on port(s): 8080 (http) with context path ''
2019-12-01 18:40:46.822 INFO [main]com.example.phone.PhoneApplication.logStarted:59 -Started PhoneApplication in 8.339 seconds (JVM running for 13.17)
2019-12-01 18:49:11.046 INFO [http-nio-8080-exec-1]o.a.catalina.core.ContainerBase.[Tomcat].[localhost].[/].log:173 -Initializing Spring DispatcherServlet 'dispatcherServlet'
2019-12-01 18:49:11.058 INFO [http-nio-8080-exec-1]org.springframework.web.servlet.DispatcherServlet.initServletBean:524 -Initializing Servlet 'dispatcherServlet'
2019-12-01 18:49:11.170 INFO [http-nio-8080-exec-1]org.springframework.web.servlet.DispatcherServlet.initServletBean:546 -Completed initialization in 111 ms
