2019-11-29 09:34:07.853 INFO [main]com.example.phone.PhoneApplication.logStarting:50 -Starting PhoneApplication on DESKTOP-109IUIC with PID 414824 (started by ligengxian in D:\旧电脑资料\搬运工\毕业设计\graduate)
2019-11-29 09:34:07.867 INFO [main]com.example.phone.PhoneApplication.logStartupProfileInfo:675 -No active profile set, falling back to default profiles: default
2019-11-29 09:34:08.767 INFO [main]o.s.d.repository.config.RepositoryConfigurationDelegate.multipleStoresDetected:244 -Multiple Spring Data modules found, entering strict repository configuration mode!
2019-11-29 09:34:08.769 INFO [main]o.s.d.repository.config.RepositoryConfigurationDelegate.registerRepositoriesIn:126 -Bootstrapping Spring Data repositories in DEFAULT mode.
2019-11-29 09:34:08.793 INFO [main]o.s.d.repository.config.RepositoryConfigurationDelegate.registerRepositoriesIn:182 -Finished Spring Data repository scanning in 11ms. Found 0 repository interfaces.
2019-11-29 09:34:09.002 INFO [main]o.s.c.s.PostProcessorRegistrationDelegate$BeanPostProcessorChecker.postProcessAfterInitialization:330 -Bean 'org.springframework.transaction.annotation.ProxyTransactionManagementConfiguration' of type [org.springframework.transaction.annotation.ProxyTransactionManagementConfiguration$$EnhancerBySpringCGLIB$$5976579e] is not eligible for getting processed by all BeanPostProcessors (for example: not eligible for auto-proxying)
2019-11-29 09:34:09.326 INFO [main]o.s.boot.web.embedded.tomcat.TomcatWebServer.initialize:90 -Tomcat initialized with port(s): 8080 (http)
2019-11-29 09:34:09.339 INFO [main]org.apache.coyote.http11.Http11NioProtocol.log:173 -Initializing ProtocolHandler ["http-nio-8080"]
2019-11-29 09:34:09.347 INFO [main]org.apache.catalina.core.StandardService.log:173 -Starting service [Tomcat]
2019-11-29 09:34:09.347 INFO [main]org.apache.catalina.core.StandardEngine.log:173 -Starting Servlet engine: [Apache Tomcat/9.0.14]
2019-11-29 09:34:09.352 INFO [main]org.apache.catalina.core.AprLifecycleListener.log:173 -The APR based Apache Tomcat Native library which allows optimal performance in production environments was not found on the java.library.path: [D:\jdk\java\jdk1.8.0_181\bin;C:\Windows\Sun\Java\bin;C:\Windows\system32;C:\Windows;C:\Program Files (x86)\Intel\Intel(R) Management Engine Components\iCLS\;C:\Program Files\Intel\Intel(R) Management Engine Components\iCLS\;C:\Windows\system32;C:\Windows;C:\Windows\System32\Wbem;C:\Windows\System32\WindowsPowerShell\v1.0\;C:\Windows\System32\OpenSSH\;C:\Program Files (x86)\Intel\Intel(R) Management Engine Components\DAL;C:\Program Files\Intel\Intel(R) Management Engine Components\DAL;C:\Program Files\MySQL\MySQL Server 5.5\bin;C:\Program Files\Git\cmd;D:\maven\apache-maven-3.6.1\bin;D:\软件\node.js\;C:\Program Files\Java\jdk1.7.0_80bin;C:\Program Files\Java\jdk1.7.0_80\jre\bin;D:\appServer\wxx\WoXingXiao\taobao-tomcat-7.0.59\deploy\;C:\Users\86186\AppData\Local\Programs\Python\Python37\Scripts;C:\Users\86186\AppData\Local\Programs\Python\Python37;C:\Program Files (x86)\Google\Chrome\Application;C:\Program Files (x86)\Tesseract-OCR;C:\Users\86186\AppData\Local\Programs\Python\Python37\Scripts\django-admin.exe;C:\Users\86186\AppData\Local\Programs\Python\Python37\Scripts\;C:\Users\86186\AppData\Local\Programs\Python\Python37\;C:\Users\86186\AppData\Local\Microsoft\WindowsApps;C:\Program Files\JetBrains\IntelliJ IDEA 2019.1.3\bin;;C:\Users\86186\AppData\Roaming\npm;C:\Users\86186\AppData\Local\Programs\Microsoft VS Code\bin;D:\软件慢慢归一化\pycharm\PyCharm Community Edition 2019.2.4\bin;;C:\Program Files (x86)\Google\Chrome\Application\chromedriver.exe;;.]
2019-11-29 09:34:09.496 INFO [main]o.a.catalina.core.ContainerBase.[Tomcat].[localhost].[/].log:173 -Initializing Spring embedded WebApplicationContext
2019-11-29 09:34:09.496 INFO [main]org.springframework.web.context.ContextLoader.prepareWebApplicationContext:296 -Root WebApplicationContext: initialization completed in 1569 ms
2019-11-29 09:34:10.227 INFO [main]o.s.scheduling.concurrent.ThreadPoolTaskExecutor.initialize:171 -Initializing ExecutorService 'applicationTaskExecutor'
2019-11-29 09:34:10.443 WARN [main]o.s.b.a.freemarker.FreeMarkerAutoConfiguration.checkTemplateLocationExists:70 -Cannot find template location(s): [classpath:/templates] (please add some templates, check your FreeMarker configuration, or set spring.freemarker.checkTemplateLocation=false)
2019-11-29 09:34:10.502 INFO [main]org.apache.coyote.http11.Http11NioProtocol.log:173 -Starting ProtocolHandler ["http-nio-8080"]
2019-11-29 09:34:10.526 INFO [main]o.s.boot.web.embedded.tomcat.TomcatWebServer.start:204 -Tomcat started on port(s): 8080 (http) with context path ''
2019-11-29 09:34:10.528 INFO [main]com.example.phone.PhoneApplication.logStarted:59 -Started PhoneApplication in 3.454 seconds (JVM running for 7.393)
2019-11-29 09:35:11.423 INFO [http-nio-8080-exec-1]o.a.catalina.core.ContainerBase.[Tomcat].[localhost].[/].log:173 -Initializing Spring DispatcherServlet 'dispatcherServlet'
2019-11-29 09:35:11.424 INFO [http-nio-8080-exec-1]org.springframework.web.servlet.DispatcherServlet.initServletBean:524 -Initializing Servlet 'dispatcherServlet'
2019-11-29 09:35:11.438 INFO [http-nio-8080-exec-1]org.springframework.web.servlet.DispatcherServlet.initServletBean:546 -Completed initialization in 14 ms
2019-11-29 09:35:54.720 INFO [http-nio-8080-exec-6]com.zaxxer.hikari.HikariDataSource.getConnection:110 -HikariPool-1 - Starting...
2019-11-29 09:35:54.864 INFO [http-nio-8080-exec-6]com.zaxxer.hikari.HikariDataSource.getConnection:123 -HikariPool-1 - Start completed.
