2019-04-04 11:35:28.179 INFO [main]com.example.phone.PhoneApplication.logStarting:50 -Starting PhoneApplication on DESKTOP-CNBG6IH with PID 25308 (H:\peixun\target\classes started by ligengxian in H:\peixun)
2019-04-04 11:35:28.186 INFO [main]com.example.phone.PhoneApplication.logStartupProfileInfo:675 -No active profile set, falling back to default profiles: default
2019-04-04 11:35:29.359 INFO [main]o.s.d.repository.config.RepositoryConfigurationDelegate.multipleStoresDetected:244 -Multiple Spring Data modules found, entering strict repository configuration mode!
2019-04-04 11:35:29.361 INFO [main]o.s.d.repository.config.RepositoryConfigurationDelegate.registerRepositoriesIn:126 -Bootstrapping Spring Data repositories in DEFAULT mode.
2019-04-04 11:35:29.384 INFO [main]o.s.d.repository.config.RepositoryConfigurationDelegate.registerRepositoriesIn:182 -Finished Spring Data repository scanning in 10ms. Found 0 repository interfaces.
2019-04-04 11:35:29.684 INFO [main]o.s.c.s.PostProcessorRegistrationDelegate$BeanPostProcessorChecker.postProcessAfterInitialization:330 -Bean 'org.springframework.transaction.annotation.ProxyTransactionManagementConfiguration' of type [org.springframework.transaction.annotation.ProxyTransactionManagementConfiguration$$EnhancerBySpringCGLIB$$1ee4de4c] is not eligible for getting processed by all BeanPostProcessors (for example: not eligible for auto-proxying)
2019-04-04 11:35:30.087 INFO [main]o.s.boot.web.embedded.tomcat.TomcatWebServer.initialize:90 -Tomcat initialized with port(s): 8080 (http)
2019-04-04 11:35:30.104 INFO [main]org.apache.coyote.http11.Http11NioProtocol.log:173 -Initializing ProtocolHandler ["http-nio-8080"]
2019-04-04 11:35:30.113 INFO [main]org.apache.catalina.core.StandardService.log:173 -Starting service [Tomcat]
2019-04-04 11:35:30.113 INFO [main]org.apache.catalina.core.StandardEngine.log:173 -Starting Servlet engine: [Apache Tomcat/9.0.14]
2019-04-04 11:35:30.123 INFO [main]org.apache.catalina.core.AprLifecycleListener.log:173 -The APR based Apache Tomcat Native library which allows optimal performance in production environments was not found on the java.library.path: [E:\jdk1.8\bin;C:\WINDOWS\Sun\Java\bin;C:\WINDOWS\system32;C:\WINDOWS;E:\oracle\app\oracle\product\10.2.0\server\bin;C:\ProgramData\Oracle\Java\javapath;C:\Program Files (x86)\Intel\Intel(R) Management Engine Components\iCLS\;C:\Program Files\Intel\Intel(R) Management Engine Components\iCLS\;C:\Windows\system32;C:\Windows;C:\Windows\System32\Wbem;C:\Windows\System32\WindowsPowerShell\v1.0\;C:\Program Files (x86)\NVIDIA Corporation\PhysX\Common;C:\Program Files\Intel\WiFi\bin\;C:\Program Files\Common Files\Intel\WirelessCommon\;C:\Program Files (x86)\Intel\Intel(R) Management Engine Components\DAL;C:\Program Files\Intel\Intel(R) Management Engine Components\DAL;C:\Program Files (x86)\Intel\Intel(R) Management Engine Components\IPT;C:\Program Files\Intel\Intel(R) Management Engine Components\IPT;C:\Program Files\Java\jdk1.8.0_91\bin;C:\Program Files\Java\jdk1.8.0_91\jre\bin;H:\maven\bin;C:\WINDOWS\system32;C:\WINDOWS;C:\WINDOWS\System32\Wbem;C:\WINDOWS\System32\WindowsPowerShell\v1.0\;E:\git\Git\cmd;C:\Program Files\Redis\;C:\WINDOWS\System32\OpenSSH\;C:\Python27;E:\ngrock0\ngrok1\windows_386;E:\es\elasticsearch-5.6.8\bin;JAVA_OPTS=-Xms64m -Xmx512;H:\gradle\gradle-4.1\bin;C:\Program Files\Redis;"C:\Program Files\Java\jdk1.8.0_91\bin;C:\Program Files\Java\jdk1.8.0_91\jre\bin";C:\Program Files (x86)\MySQL\MySQL Server 5.5\bin;C:\Program Files (x86)\Subversion\bin;C:\Users\ligengxian\AppData\Local\Microsoft\WindowsApps;;E:\webstrom\WebStorm 191.5701.27\bin;;.]
2019-04-04 11:35:31.526 INFO [main]o.a.catalina.core.ContainerBase.[Tomcat].[localhost].[/].log:173 -Initializing Spring embedded WebApplicationContext
2019-04-04 11:35:31.527 INFO [main]org.springframework.web.context.ContextLoader.prepareWebApplicationContext:296 -Root WebApplicationContext: initialization completed in 3242 ms
2019-04-04 11:35:32.337 INFO [main]o.s.scheduling.concurrent.ThreadPoolTaskExecutor.initialize:171 -Initializing ExecutorService 'applicationTaskExecutor'
2019-04-04 11:35:32.620 WARN [main]o.s.b.a.freemarker.FreeMarkerAutoConfiguration.checkTemplateLocationExists:70 -Cannot find template location(s): [classpath:/templates] (please add some templates, check your FreeMarker configuration, or set spring.freemarker.checkTemplateLocation=false)
2019-04-04 11:35:32.697 INFO [main]org.apache.coyote.http11.Http11NioProtocol.log:173 -Starting ProtocolHandler ["http-nio-8080"]
2019-04-04 11:35:32.730 INFO [main]org.apache.coyote.http11.Http11NioProtocol.log:173 -Pausing ProtocolHandler ["http-nio-8080"]
2019-04-04 11:35:32.731 INFO [main]org.apache.catalina.core.StandardService.log:173 -Stopping service [Tomcat]
2019-04-04 11:35:32.735 INFO [main]org.apache.catalina.util.LifecycleBase.log:173 -The stop() method was called on component [StandardServer[-1]] after stop() had already been called. The second call will be ignored.
2019-04-04 11:35:32.735 INFO [main]org.apache.coyote.http11.Http11NioProtocol.log:173 -Stopping ProtocolHandler ["http-nio-8080"]
2019-04-04 11:35:32.735 INFO [main]org.apache.coyote.http11.Http11NioProtocol.log:173 -Destroying ProtocolHandler ["http-nio-8080"]
2019-04-04 11:35:32.737 INFO [main]o.s.b.a.logging.ConditionEvaluationReportLoggingListener.logMessage:142 -

Error starting ApplicationContext. To display the conditions report re-run your application with 'debug' enabled.
2019-04-04 11:35:32.743 INFO [main]o.s.scheduling.concurrent.ThreadPoolTaskExecutor.shutdown:208 -Shutting down ExecutorService 'applicationTaskExecutor'
2019-04-04 11:36:14.179 INFO [main]com.example.phone.PhoneApplication.logStarting:50 -Starting PhoneApplication on DESKTOP-CNBG6IH with PID 26992 (H:\peixun\target\classes started by ligengxian in H:\peixun)
2019-04-04 11:36:14.183 INFO [main]com.example.phone.PhoneApplication.logStartupProfileInfo:675 -No active profile set, falling back to default profiles: default
2019-04-04 11:36:14.747 INFO [main]o.s.d.repository.config.RepositoryConfigurationDelegate.multipleStoresDetected:244 -Multiple Spring Data modules found, entering strict repository configuration mode!
2019-04-04 11:36:14.749 INFO [main]o.s.d.repository.config.RepositoryConfigurationDelegate.registerRepositoriesIn:126 -Bootstrapping Spring Data repositories in DEFAULT mode.
2019-04-04 11:36:14.772 INFO [main]o.s.d.repository.config.RepositoryConfigurationDelegate.registerRepositoriesIn:182 -Finished Spring Data repository scanning in 12ms. Found 0 repository interfaces.
2019-04-04 11:36:15.080 INFO [main]o.s.c.s.PostProcessorRegistrationDelegate$BeanPostProcessorChecker.postProcessAfterInitialization:330 -Bean 'org.springframework.transaction.annotation.ProxyTransactionManagementConfiguration' of type [org.springframework.transaction.annotation.ProxyTransactionManagementConfiguration$$EnhancerBySpringCGLIB$$4fcdb8be] is not eligible for getting processed by all BeanPostProcessors (for example: not eligible for auto-proxying)
2019-04-04 11:36:15.345 INFO [main]o.s.boot.web.embedded.tomcat.TomcatWebServer.initialize:90 -Tomcat initialized with port(s): 8080 (http)
2019-04-04 11:36:15.357 INFO [main]org.apache.coyote.http11.Http11NioProtocol.log:173 -Initializing ProtocolHandler ["http-nio-8080"]
2019-04-04 11:36:15.365 INFO [main]org.apache.catalina.core.StandardService.log:173 -Starting service [Tomcat]
2019-04-04 11:36:15.365 INFO [main]org.apache.catalina.core.StandardEngine.log:173 -Starting Servlet engine: [Apache Tomcat/9.0.14]
2019-04-04 11:36:15.371 INFO [main]org.apache.catalina.core.AprLifecycleListener.log:173 -The APR based Apache Tomcat Native library which allows optimal performance in production environments was not found on the java.library.path: [E:\jdk1.8\bin;C:\WINDOWS\Sun\Java\bin;C:\WINDOWS\system32;C:\WINDOWS;E:\oracle\app\oracle\product\10.2.0\server\bin;C:\ProgramData\Oracle\Java\javapath;C:\Program Files (x86)\Intel\Intel(R) Management Engine Components\iCLS\;C:\Program Files\Intel\Intel(R) Management Engine Components\iCLS\;C:\Windows\system32;C:\Windows;C:\Windows\System32\Wbem;C:\Windows\System32\WindowsPowerShell\v1.0\;C:\Program Files (x86)\NVIDIA Corporation\PhysX\Common;C:\Program Files\Intel\WiFi\bin\;C:\Program Files\Common Files\Intel\WirelessCommon\;C:\Program Files (x86)\Intel\Intel(R) Management Engine Components\DAL;C:\Program Files\Intel\Intel(R) Management Engine Components\DAL;C:\Program Files (x86)\Intel\Intel(R) Management Engine Components\IPT;C:\Program Files\Intel\Intel(R) Management Engine Components\IPT;C:\Program Files\Java\jdk1.8.0_91\bin;C:\Program Files\Java\jdk1.8.0_91\jre\bin;H:\maven\bin;C:\WINDOWS\system32;C:\WINDOWS;C:\WINDOWS\System32\Wbem;C:\WINDOWS\System32\WindowsPowerShell\v1.0\;E:\git\Git\cmd;C:\Program Files\Redis\;C:\WINDOWS\System32\OpenSSH\;C:\Python27;E:\ngrock0\ngrok1\windows_386;E:\es\elasticsearch-5.6.8\bin;JAVA_OPTS=-Xms64m -Xmx512;H:\gradle\gradle-4.1\bin;C:\Program Files\Redis;"C:\Program Files\Java\jdk1.8.0_91\bin;C:\Program Files\Java\jdk1.8.0_91\jre\bin";C:\Program Files (x86)\MySQL\MySQL Server 5.5\bin;C:\Program Files (x86)\Subversion\bin;C:\Users\ligengxian\AppData\Local\Microsoft\WindowsApps;;E:\webstrom\WebStorm 191.5701.27\bin;;.]
2019-04-04 11:36:15.454 INFO [main]o.a.catalina.core.ContainerBase.[Tomcat].[localhost].[/].log:173 -Initializing Spring embedded WebApplicationContext
2019-04-04 11:36:15.454 INFO [main]org.springframework.web.context.ContextLoader.prepareWebApplicationContext:296 -Root WebApplicationContext: initialization completed in 1215 ms
2019-04-04 11:36:16.068 INFO [main]o.s.scheduling.concurrent.ThreadPoolTaskExecutor.initialize:171 -Initializing ExecutorService 'applicationTaskExecutor'
2019-04-04 11:36:16.321 WARN [main]o.s.b.a.freemarker.FreeMarkerAutoConfiguration.checkTemplateLocationExists:70 -Cannot find template location(s): [classpath:/templates] (please add some templates, check your FreeMarker configuration, or set spring.freemarker.checkTemplateLocation=false)
2019-04-04 11:36:16.394 INFO [main]org.apache.coyote.http11.Http11NioProtocol.log:173 -Starting ProtocolHandler ["http-nio-8080"]
2019-04-04 11:36:16.415 INFO [main]o.s.boot.web.embedded.tomcat.TomcatWebServer.start:204 -Tomcat started on port(s): 8080 (http) with context path ''
2019-04-04 11:36:16.417 INFO [main]com.example.phone.PhoneApplication.logStarted:59 -Started PhoneApplication in 2.675 seconds (JVM running for 3.396)
2019-04-04 11:36:47.542 INFO [http-nio-8080-exec-1]o.a.catalina.core.ContainerBase.[Tomcat].[localhost].[/].log:173 -Initializing Spring DispatcherServlet 'dispatcherServlet'
2019-04-04 11:36:47.543 INFO [http-nio-8080-exec-1]org.springframework.web.servlet.DispatcherServlet.initServletBean:524 -Initializing Servlet 'dispatcherServlet'
2019-04-04 11:36:47.550 INFO [http-nio-8080-exec-1]org.springframework.web.servlet.DispatcherServlet.initServletBean:546 -Completed initialization in 7 ms
2019-04-04 11:36:47.907 INFO [http-nio-8080-exec-2]com.zaxxer.hikari.HikariDataSource.getConnection:110 -HikariPool-1 - Starting...
2019-04-04 11:36:48.025 INFO [http-nio-8080-exec-2]com.zaxxer.hikari.HikariDataSource.getConnection:123 -HikariPool-1 - Start completed.
2019-04-04 11:36:48.181 INFO [http-nio-8080-exec-2]io.lettuce.core.EpollProvider.<clinit>:68 -Starting without optional epoll library
2019-04-04 11:36:48.182 INFO [http-nio-8080-exec-2]io.lettuce.core.KqueueProvider.<clinit>:70 -Starting without optional kqueue library
2019-04-04 12:40:09.217 INFO [main]com.example.phone.PhoneApplication.logStarting:50 -Starting PhoneApplication on DESKTOP-CNBG6IH with PID 13052 (H:\peixun\target\classes started by ligengxian in H:\peixun)
2019-04-04 12:40:09.224 INFO [main]com.example.phone.PhoneApplication.logStartupProfileInfo:675 -No active profile set, falling back to default profiles: default
2019-04-04 12:40:09.797 INFO [main]o.s.d.repository.config.RepositoryConfigurationDelegate.multipleStoresDetected:244 -Multiple Spring Data modules found, entering strict repository configuration mode!
2019-04-04 12:40:09.798 INFO [main]o.s.d.repository.config.RepositoryConfigurationDelegate.registerRepositoriesIn:126 -Bootstrapping Spring Data repositories in DEFAULT mode.
2019-04-04 12:40:09.826 INFO [main]o.s.d.repository.config.RepositoryConfigurationDelegate.registerRepositoriesIn:182 -Finished Spring Data repository scanning in 15ms. Found 0 repository interfaces.
2019-04-04 12:40:10.123 INFO [main]o.s.c.s.PostProcessorRegistrationDelegate$BeanPostProcessorChecker.postProcessAfterInitialization:330 -Bean 'org.springframework.transaction.annotation.ProxyTransactionManagementConfiguration' of type [org.springframework.transaction.annotation.ProxyTransactionManagementConfiguration$$EnhancerBySpringCGLIB$$c066e609] is not eligible for getting processed by all BeanPostProcessors (for example: not eligible for auto-proxying)
2019-04-04 12:40:10.376 INFO [main]o.s.boot.web.embedded.tomcat.TomcatWebServer.initialize:90 -Tomcat initialized with port(s): 8080 (http)
2019-04-04 12:40:10.390 INFO [main]org.apache.coyote.http11.Http11NioProtocol.log:173 -Initializing ProtocolHandler ["http-nio-8080"]
2019-04-04 12:40:10.398 INFO [main]org.apache.catalina.core.StandardService.log:173 -Starting service [Tomcat]
2019-04-04 12:40:10.398 INFO [main]org.apache.catalina.core.StandardEngine.log:173 -Starting Servlet engine: [Apache Tomcat/9.0.14]
2019-04-04 12:40:10.404 INFO [main]org.apache.catalina.core.AprLifecycleListener.log:173 -The APR based Apache Tomcat Native library which allows optimal performance in production environments was not found on the java.library.path: [E:\jdk1.8\bin;C:\WINDOWS\Sun\Java\bin;C:\WINDOWS\system32;C:\WINDOWS;E:\oracle\app\oracle\product\10.2.0\server\bin;C:\ProgramData\Oracle\Java\javapath;C:\Program Files (x86)\Intel\Intel(R) Management Engine Components\iCLS\;C:\Program Files\Intel\Intel(R) Management Engine Components\iCLS\;C:\Windows\system32;C:\Windows;C:\Windows\System32\Wbem;C:\Windows\System32\WindowsPowerShell\v1.0\;C:\Program Files (x86)\NVIDIA Corporation\PhysX\Common;C:\Program Files\Intel\WiFi\bin\;C:\Program Files\Common Files\Intel\WirelessCommon\;C:\Program Files (x86)\Intel\Intel(R) Management Engine Components\DAL;C:\Program Files\Intel\Intel(R) Management Engine Components\DAL;C:\Program Files (x86)\Intel\Intel(R) Management Engine Components\IPT;C:\Program Files\Intel\Intel(R) Management Engine Components\IPT;C:\Program Files\Java\jdk1.8.0_91\bin;C:\Program Files\Java\jdk1.8.0_91\jre\bin;H:\maven\bin;C:\WINDOWS\system32;C:\WINDOWS;C:\WINDOWS\System32\Wbem;C:\WINDOWS\System32\WindowsPowerShell\v1.0\;E:\git\Git\cmd;C:\Program Files\Redis\;C:\WINDOWS\System32\OpenSSH\;C:\Python27;E:\ngrock0\ngrok1\windows_386;E:\es\elasticsearch-5.6.8\bin;JAVA_OPTS=-Xms64m -Xmx512;H:\gradle\gradle-4.1\bin;C:\Program Files\Redis;"C:\Program Files\Java\jdk1.8.0_91\bin;C:\Program Files\Java\jdk1.8.0_91\jre\bin";C:\Program Files (x86)\MySQL\MySQL Server 5.5\bin;C:\Program Files (x86)\Subversion\bin;C:\Users\ligengxian\AppData\Local\Microsoft\WindowsApps;;E:\webstrom\WebStorm 191.5701.27\bin;;.]
2019-04-04 12:40:10.516 INFO [main]o.a.catalina.core.ContainerBase.[Tomcat].[localhost].[/].log:173 -Initializing Spring embedded WebApplicationContext
2019-04-04 12:40:10.517 INFO [main]org.springframework.web.context.ContextLoader.prepareWebApplicationContext:296 -Root WebApplicationContext: initialization completed in 1245 ms
2019-04-04 12:40:11.061 INFO [main]o.s.scheduling.concurrent.ThreadPoolTaskExecutor.initialize:171 -Initializing ExecutorService 'applicationTaskExecutor'
2019-04-04 12:40:11.327 WARN [main]o.s.b.a.freemarker.FreeMarkerAutoConfiguration.checkTemplateLocationExists:70 -Cannot find template location(s): [classpath:/templates] (please add some templates, check your FreeMarker configuration, or set spring.freemarker.checkTemplateLocation=false)
2019-04-04 12:40:11.403 INFO [main]org.apache.coyote.http11.Http11NioProtocol.log:173 -Starting ProtocolHandler ["http-nio-8080"]
2019-04-04 12:40:11.423 INFO [main]o.s.boot.web.embedded.tomcat.TomcatWebServer.start:204 -Tomcat started on port(s): 8080 (http) with context path ''
2019-04-04 12:40:11.425 INFO [main]com.example.phone.PhoneApplication.logStarted:59 -Started PhoneApplication in 2.619 seconds (JVM running for 3.34)
2019-04-04 12:40:50.091 INFO [http-nio-8080-exec-1]o.a.catalina.core.ContainerBase.[Tomcat].[localhost].[/].log:173 -Initializing Spring DispatcherServlet 'dispatcherServlet'
2019-04-04 12:40:50.091 INFO [http-nio-8080-exec-1]org.springframework.web.servlet.DispatcherServlet.initServletBean:524 -Initializing Servlet 'dispatcherServlet'
2019-04-04 12:40:50.096 INFO [http-nio-8080-exec-1]org.springframework.web.servlet.DispatcherServlet.initServletBean:546 -Completed initialization in 5 ms
2019-04-04 12:42:42.977 INFO [http-nio-8080-exec-3]io.lettuce.core.EpollProvider.<clinit>:68 -Starting without optional epoll library
2019-04-04 12:42:42.978 INFO [http-nio-8080-exec-3]io.lettuce.core.KqueueProvider.<clinit>:70 -Starting without optional kqueue library
2019-04-04 12:48:27.497 INFO [http-nio-8080-exec-2]com.zaxxer.hikari.HikariDataSource.getConnection:110 -HikariPool-1 - Starting...
2019-04-04 12:48:27.618 INFO [http-nio-8080-exec-2]com.zaxxer.hikari.HikariDataSource.getConnection:123 -HikariPool-1 - Start completed.
2019-04-04 16:58:51.104 INFO [main]com.example.phone.PhoneApplication.logStarting:50 -Starting PhoneApplication on DESKTOP-CNBG6IH with PID 29368 (H:\peixun\target\classes started by ligengxian in H:\peixun)
2019-04-04 16:58:51.125 INFO [main]com.example.phone.PhoneApplication.logStartupProfileInfo:675 -No active profile set, falling back to default profiles: default
2019-04-04 16:58:52.316 INFO [main]o.s.d.repository.config.RepositoryConfigurationDelegate.multipleStoresDetected:244 -Multiple Spring Data modules found, entering strict repository configuration mode!
2019-04-04 16:58:52.318 INFO [main]o.s.d.repository.config.RepositoryConfigurationDelegate.registerRepositoriesIn:126 -Bootstrapping Spring Data repositories in DEFAULT mode.
2019-04-04 16:58:52.348 INFO [main]o.s.d.repository.config.RepositoryConfigurationDelegate.registerRepositoriesIn:182 -Finished Spring Data repository scanning in 15ms. Found 0 repository interfaces.
2019-04-04 16:58:52.666 INFO [main]o.s.c.s.PostProcessorRegistrationDelegate$BeanPostProcessorChecker.postProcessAfterInitialization:330 -Bean 'org.springframework.transaction.annotation.ProxyTransactionManagementConfiguration' of type [org.springframework.transaction.annotation.ProxyTransactionManagementConfiguration$$EnhancerBySpringCGLIB$$4c248d57] is not eligible for getting processed by all BeanPostProcessors (for example: not eligible for auto-proxying)
2019-04-04 16:58:53.001 INFO [main]o.s.boot.web.embedded.tomcat.TomcatWebServer.initialize:90 -Tomcat initialized with port(s): 8080 (http)
2019-04-04 16:58:53.014 INFO [main]org.apache.coyote.http11.Http11NioProtocol.log:173 -Initializing ProtocolHandler ["http-nio-8080"]
2019-04-04 16:58:53.022 INFO [main]org.apache.catalina.core.StandardService.log:173 -Starting service [Tomcat]
2019-04-04 16:58:53.023 INFO [main]org.apache.catalina.core.StandardEngine.log:173 -Starting Servlet engine: [Apache Tomcat/9.0.14]
2019-04-04 16:58:53.030 INFO [main]org.apache.catalina.core.AprLifecycleListener.log:173 -The APR based Apache Tomcat Native library which allows optimal performance in production environments was not found on the java.library.path: [E:\jdk1.8\bin;C:\WINDOWS\Sun\Java\bin;C:\WINDOWS\system32;C:\WINDOWS;E:\oracle\app\oracle\product\10.2.0\server\bin;C:\ProgramData\Oracle\Java\javapath;C:\Program Files (x86)\Intel\Intel(R) Management Engine Components\iCLS\;C:\Program Files\Intel\Intel(R) Management Engine Components\iCLS\;C:\Windows\system32;C:\Windows;C:\Windows\System32\Wbem;C:\Windows\System32\WindowsPowerShell\v1.0\;C:\Program Files (x86)\NVIDIA Corporation\PhysX\Common;C:\Program Files\Intel\WiFi\bin\;C:\Program Files\Common Files\Intel\WirelessCommon\;C:\Program Files (x86)\Intel\Intel(R) Management Engine Components\DAL;C:\Program Files\Intel\Intel(R) Management Engine Components\DAL;C:\Program Files (x86)\Intel\Intel(R) Management Engine Components\IPT;C:\Program Files\Intel\Intel(R) Management Engine Components\IPT;C:\Program Files\Java\jdk1.8.0_91\bin;C:\Program Files\Java\jdk1.8.0_91\jre\bin;H:\maven\bin;C:\WINDOWS\system32;C:\WINDOWS;C:\WINDOWS\System32\Wbem;C:\WINDOWS\System32\WindowsPowerShell\v1.0\;E:\git\Git\cmd;C:\Program Files\Redis\;C:\WINDOWS\System32\OpenSSH\;C:\Python27;E:\ngrock0\ngrok1\windows_386;E:\es\elasticsearch-5.6.8\bin;JAVA_OPTS=-Xms64m -Xmx512;H:\gradle\gradle-4.1\bin;C:\Program Files\Redis;"C:\Program Files\Java\jdk1.8.0_91\bin;C:\Program Files\Java\jdk1.8.0_91\jre\bin";C:\Program Files (x86)\MySQL\MySQL Server 5.5\bin;C:\Program Files (x86)\Subversion\bin;C:\Users\ligengxian\AppData\Local\Microsoft\WindowsApps;;E:\webstrom\WebStorm 191.5701.27\bin;;.]
2019-04-04 16:58:53.126 INFO [main]o.a.catalina.core.ContainerBase.[Tomcat].[localhost].[/].log:173 -Initializing Spring embedded WebApplicationContext
2019-04-04 16:58:53.126 INFO [main]org.springframework.web.context.ContextLoader.prepareWebApplicationContext:296 -Root WebApplicationContext: initialization completed in 1884 ms
2019-04-04 16:58:54.171 INFO [main]o.s.scheduling.concurrent.ThreadPoolTaskExecutor.initialize:171 -Initializing ExecutorService 'applicationTaskExecutor'
2019-04-04 16:58:54.450 WARN [main]o.s.b.a.freemarker.FreeMarkerAutoConfiguration.checkTemplateLocationExists:70 -Cannot find template location(s): [classpath:/templates] (please add some templates, check your FreeMarker configuration, or set spring.freemarker.checkTemplateLocation=false)
2019-04-04 16:58:54.545 INFO [main]org.apache.coyote.http11.Http11NioProtocol.log:173 -Starting ProtocolHandler ["http-nio-8080"]
2019-04-04 16:58:54.568 INFO [main]o.s.boot.web.embedded.tomcat.TomcatWebServer.start:204 -Tomcat started on port(s): 8080 (http) with context path ''
2019-04-04 16:58:54.571 INFO [main]com.example.phone.PhoneApplication.logStarted:59 -Started PhoneApplication in 4.231 seconds (JVM running for 6.486)
2019-04-04 16:59:16.441 INFO [http-nio-8080-exec-1]o.a.catalina.core.ContainerBase.[Tomcat].[localhost].[/].log:173 -Initializing Spring DispatcherServlet 'dispatcherServlet'
2019-04-04 16:59:16.442 INFO [http-nio-8080-exec-1]org.springframework.web.servlet.DispatcherServlet.initServletBean:524 -Initializing Servlet 'dispatcherServlet'
2019-04-04 16:59:16.456 INFO [http-nio-8080-exec-1]org.springframework.web.servlet.DispatcherServlet.initServletBean:546 -Completed initialization in 14 ms
2019-04-04 17:13:47.412 INFO [http-nio-8080-exec-9]com.zaxxer.hikari.HikariDataSource.getConnection:110 -HikariPool-1 - Starting...
2019-04-04 17:13:47.591 INFO [http-nio-8080-exec-9]com.zaxxer.hikari.HikariDataSource.getConnection:123 -HikariPool-1 - Start completed.
2019-04-04 17:21:14.826 INFO [main]com.example.phone.PhoneApplication.logStarting:50 -Starting PhoneApplication on DESKTOP-CNBG6IH with PID 26060 (H:\peixun\target\classes started by ligengxian in H:\peixun)
2019-04-04 17:21:14.833 INFO [main]com.example.phone.PhoneApplication.logStartupProfileInfo:675 -No active profile set, falling back to default profiles: default
2019-04-04 17:21:15.379 INFO [main]o.s.d.repository.config.RepositoryConfigurationDelegate.multipleStoresDetected:244 -Multiple Spring Data modules found, entering strict repository configuration mode!
2019-04-04 17:21:15.381 INFO [main]o.s.d.repository.config.RepositoryConfigurationDelegate.registerRepositoriesIn:126 -Bootstrapping Spring Data repositories in DEFAULT mode.
2019-04-04 17:21:15.404 INFO [main]o.s.d.repository.config.RepositoryConfigurationDelegate.registerRepositoriesIn:182 -Finished Spring Data repository scanning in 12ms. Found 0 repository interfaces.
2019-04-04 17:21:15.695 INFO [main]o.s.c.s.PostProcessorRegistrationDelegate$BeanPostProcessorChecker.postProcessAfterInitialization:330 -Bean 'org.springframework.transaction.annotation.ProxyTransactionManagementConfiguration' of type [org.springframework.transaction.annotation.ProxyTransactionManagementConfiguration$$EnhancerBySpringCGLIB$$47474b30] is not eligible for getting processed by all BeanPostProcessors (for example: not eligible for auto-proxying)
2019-04-04 17:21:15.958 INFO [main]o.s.boot.web.embedded.tomcat.TomcatWebServer.initialize:90 -Tomcat initialized with port(s): 8080 (http)
2019-04-04 17:21:15.968 INFO [main]org.apache.coyote.http11.Http11NioProtocol.log:173 -Initializing ProtocolHandler ["http-nio-8080"]
2019-04-04 17:21:15.975 INFO [main]org.apache.catalina.core.StandardService.log:173 -Starting service [Tomcat]
2019-04-04 17:21:15.976 INFO [main]org.apache.catalina.core.StandardEngine.log:173 -Starting Servlet engine: [Apache Tomcat/9.0.14]
2019-04-04 17:21:15.982 INFO [main]org.apache.catalina.core.AprLifecycleListener.log:173 -The APR based Apache Tomcat Native library which allows optimal performance in production environments was not found on the java.library.path: [E:\jdk1.8\bin;C:\WINDOWS\Sun\Java\bin;C:\WINDOWS\system32;C:\WINDOWS;E:\oracle\app\oracle\product\10.2.0\server\bin;C:\ProgramData\Oracle\Java\javapath;C:\Program Files (x86)\Intel\Intel(R) Management Engine Components\iCLS\;C:\Program Files\Intel\Intel(R) Management Engine Components\iCLS\;C:\Windows\system32;C:\Windows;C:\Windows\System32\Wbem;C:\Windows\System32\WindowsPowerShell\v1.0\;C:\Program Files (x86)\NVIDIA Corporation\PhysX\Common;C:\Program Files\Intel\WiFi\bin\;C:\Program Files\Common Files\Intel\WirelessCommon\;C:\Program Files (x86)\Intel\Intel(R) Management Engine Components\DAL;C:\Program Files\Intel\Intel(R) Management Engine Components\DAL;C:\Program Files (x86)\Intel\Intel(R) Management Engine Components\IPT;C:\Program Files\Intel\Intel(R) Management Engine Components\IPT;C:\Program Files\Java\jdk1.8.0_91\bin;C:\Program Files\Java\jdk1.8.0_91\jre\bin;H:\maven\bin;C:\WINDOWS\system32;C:\WINDOWS;C:\WINDOWS\System32\Wbem;C:\WINDOWS\System32\WindowsPowerShell\v1.0\;E:\git\Git\cmd;C:\Program Files\Redis\;C:\WINDOWS\System32\OpenSSH\;C:\Python27;E:\ngrock0\ngrok1\windows_386;E:\es\elasticsearch-5.6.8\bin;JAVA_OPTS=-Xms64m -Xmx512;H:\gradle\gradle-4.1\bin;C:\Program Files\Redis;"C:\Program Files\Java\jdk1.8.0_91\bin;C:\Program Files\Java\jdk1.8.0_91\jre\bin";C:\Program Files (x86)\MySQL\MySQL Server 5.5\bin;C:\Program Files (x86)\Subversion\bin;C:\Users\ligengxian\AppData\Local\Microsoft\WindowsApps;;E:\webstrom\WebStorm 191.5701.27\bin;;.]
2019-04-04 17:21:16.066 INFO [main]o.a.catalina.core.ContainerBase.[Tomcat].[localhost].[/].log:173 -Initializing Spring embedded WebApplicationContext
2019-04-04 17:21:16.066 INFO [main]org.springframework.web.context.ContextLoader.prepareWebApplicationContext:296 -Root WebApplicationContext: initialization completed in 1188 ms
2019-04-04 17:21:16.667 INFO [main]o.s.scheduling.concurrent.ThreadPoolTaskExecutor.initialize:171 -Initializing ExecutorService 'applicationTaskExecutor'
2019-04-04 17:21:16.922 WARN [main]o.s.b.a.freemarker.FreeMarkerAutoConfiguration.checkTemplateLocationExists:70 -Cannot find template location(s): [classpath:/templates] (please add some templates, check your FreeMarker configuration, or set spring.freemarker.checkTemplateLocation=false)
2019-04-04 17:21:17.005 INFO [main]org.apache.coyote.http11.Http11NioProtocol.log:173 -Starting ProtocolHandler ["http-nio-8080"]
2019-04-04 17:21:17.028 INFO [main]o.s.boot.web.embedded.tomcat.TomcatWebServer.start:204 -Tomcat started on port(s): 8080 (http) with context path ''
2019-04-04 17:21:17.031 INFO [main]com.example.phone.PhoneApplication.logStarted:59 -Started PhoneApplication in 2.648 seconds (JVM running for 3.325)
2019-04-04 17:21:41.133 INFO [http-nio-8080-exec-1]o.a.catalina.core.ContainerBase.[Tomcat].[localhost].[/].log:173 -Initializing Spring DispatcherServlet 'dispatcherServlet'
2019-04-04 17:21:41.134 INFO [http-nio-8080-exec-1]org.springframework.web.servlet.DispatcherServlet.initServletBean:524 -Initializing Servlet 'dispatcherServlet'
2019-04-04 17:21:41.140 INFO [http-nio-8080-exec-1]org.springframework.web.servlet.DispatcherServlet.initServletBean:546 -Completed initialization in 6 ms
2019-04-04 17:21:41.499 INFO [http-nio-8080-exec-2]com.zaxxer.hikari.HikariDataSource.getConnection:110 -HikariPool-1 - Starting...
2019-04-04 17:21:41.582 INFO [http-nio-8080-exec-2]com.zaxxer.hikari.HikariDataSource.getConnection:123 -HikariPool-1 - Start completed.
2019-04-04 17:21:41.797 INFO [http-nio-8080-exec-2]io.lettuce.core.EpollProvider.<clinit>:68 -Starting without optional epoll library
2019-04-04 17:21:41.799 INFO [http-nio-8080-exec-2]io.lettuce.core.KqueueProvider.<clinit>:70 -Starting without optional kqueue library
2019-04-04 17:21:58.676 INFO [lettuce-nioEventLoop-4-1]io.lettuce.core.protocol.CommandHandler.log:219 -null Unexpected exception during request: java.io.IOException: 远程主机强迫关闭了一个现有的连接。
java.io.IOException: 远程主机强迫关闭了一个现有的连接。
	at sun.nio.ch.SocketDispatcher.read0(Native Method)
	at sun.nio.ch.SocketDispatcher.read(SocketDispatcher.java:43)
	at sun.nio.ch.IOUtil.readIntoNativeBuffer(IOUtil.java:223)
	at sun.nio.ch.IOUtil.read(IOUtil.java:192)
	at sun.nio.ch.SocketChannelImpl.read(SocketChannelImpl.java:380)
	at io.netty.buffer.PooledUnsafeDirectByteBuf.setBytes(PooledUnsafeDirectByteBuf.java:288)
	at io.netty.buffer.AbstractByteBuf.writeBytes(AbstractByteBuf.java:1132)
	at io.netty.channel.socket.nio.NioSocketChannel.doReadBytes(NioSocketChannel.java:347)
	at io.netty.channel.nio.AbstractNioByteChannel$NioByteUnsafe.read(AbstractNioByteChannel.java:148)
	at io.netty.channel.nio.NioEventLoop.processSelectedKey(NioEventLoop.java:648)
	at io.netty.channel.nio.NioEventLoop.processSelectedKeysOptimized(NioEventLoop.java:583)
	at io.netty.channel.nio.NioEventLoop.processSelectedKeys(NioEventLoop.java:500)
	at io.netty.channel.nio.NioEventLoop.run(NioEventLoop.java:462)
	at io.netty.util.concurrent.SingleThreadEventExecutor$5.run(SingleThreadEventExecutor.java:897)
	at io.netty.util.concurrent.FastThreadLocalRunnable.run(FastThreadLocalRunnable.java:30)
	at java.lang.Thread.run(Thread.java:745)
2019-04-04 17:21:58.782 INFO [lettuce-eventExecutorLoop-1-2]io.lettuce.core.protocol.ConnectionWatchdog.log:173 -Reconnecting, last destination was /127.0.0.1:6379
2019-04-04 17:21:59.791 WARN [lettuce-nioEventLoop-4-2]io.lettuce.core.protocol.ConnectionWatchdog.log:176 -Cannot reconnect: io.netty.channel.AbstractChannel$AnnotatedConnectException: Connection refused: no further information: /127.0.0.1:6379
2019-04-04 17:22:04.282 INFO [lettuce-eventExecutorLoop-1-7]io.lettuce.core.protocol.ConnectionWatchdog.log:173 -Reconnecting, last destination was 127.0.0.1:6379
2019-04-04 17:22:05.286 WARN [lettuce-nioEventLoop-4-7]io.lettuce.core.protocol.ConnectionWatchdog.log:176 -Cannot reconnect: io.netty.channel.AbstractChannel$AnnotatedConnectException: Connection refused: no further information: /127.0.0.1:6379
2019-04-04 17:22:09.483 INFO [lettuce-eventExecutorLoop-1-3]io.lettuce.core.protocol.ConnectionWatchdog.log:173 -Reconnecting, last destination was 127.0.0.1:6379
2019-04-04 17:22:09.988 INFO [lettuce-nioEventLoop-4-3]io.lettuce.core.protocol.ReconnectionHandler.lambda$null$3:177 -Reconnected to 127.0.0.1:6379
2019-04-04 18:37:49.790 INFO [main]com.example.phone.PhoneApplication.logStarting:50 -Starting PhoneApplication on DESKTOP-CNBG6IH with PID 30624 (H:\peixun\target\classes started by ligengxian in H:\peixun)
2019-04-04 18:37:49.797 INFO [main]com.example.phone.PhoneApplication.logStartupProfileInfo:675 -No active profile set, falling back to default profiles: default
2019-04-04 18:37:50.428 INFO [main]o.s.d.repository.config.RepositoryConfigurationDelegate.multipleStoresDetected:244 -Multiple Spring Data modules found, entering strict repository configuration mode!
2019-04-04 18:37:50.431 INFO [main]o.s.d.repository.config.RepositoryConfigurationDelegate.registerRepositoriesIn:126 -Bootstrapping Spring Data repositories in DEFAULT mode.
2019-04-04 18:37:50.457 INFO [main]o.s.d.repository.config.RepositoryConfigurationDelegate.registerRepositoriesIn:182 -Finished Spring Data repository scanning in 14ms. Found 0 repository interfaces.
2019-04-04 18:37:50.765 INFO [main]o.s.c.s.PostProcessorRegistrationDelegate$BeanPostProcessorChecker.postProcessAfterInitialization:330 -Bean 'org.springframework.transaction.annotation.ProxyTransactionManagementConfiguration' of type [org.springframework.transaction.annotation.ProxyTransactionManagementConfiguration$$EnhancerBySpringCGLIB$$95a6176d] is not eligible for getting processed by all BeanPostProcessors (for example: not eligible for auto-proxying)
2019-04-04 18:37:51.024 INFO [main]o.s.boot.web.embedded.tomcat.TomcatWebServer.initialize:90 -Tomcat initialized with port(s): 8080 (http)
2019-04-04 18:37:51.036 INFO [main]org.apache.coyote.http11.Http11NioProtocol.log:173 -Initializing ProtocolHandler ["http-nio-8080"]
2019-04-04 18:37:51.044 INFO [main]org.apache.catalina.core.StandardService.log:173 -Starting service [Tomcat]
2019-04-04 18:37:51.044 INFO [main]org.apache.catalina.core.StandardEngine.log:173 -Starting Servlet engine: [Apache Tomcat/9.0.14]
2019-04-04 18:37:51.050 INFO [main]org.apache.catalina.core.AprLifecycleListener.log:173 -The APR based Apache Tomcat Native library which allows optimal performance in production environments was not found on the java.library.path: [E:\jdk1.8\bin;C:\WINDOWS\Sun\Java\bin;C:\WINDOWS\system32;C:\WINDOWS;E:\oracle\app\oracle\product\10.2.0\server\bin;C:\ProgramData\Oracle\Java\javapath;C:\Program Files (x86)\Intel\Intel(R) Management Engine Components\iCLS\;C:\Program Files\Intel\Intel(R) Management Engine Components\iCLS\;C:\Windows\system32;C:\Windows;C:\Windows\System32\Wbem;C:\Windows\System32\WindowsPowerShell\v1.0\;C:\Program Files (x86)\NVIDIA Corporation\PhysX\Common;C:\Program Files\Intel\WiFi\bin\;C:\Program Files\Common Files\Intel\WirelessCommon\;C:\Program Files (x86)\Intel\Intel(R) Management Engine Components\DAL;C:\Program Files\Intel\Intel(R) Management Engine Components\DAL;C:\Program Files (x86)\Intel\Intel(R) Management Engine Components\IPT;C:\Program Files\Intel\Intel(R) Management Engine Components\IPT;C:\Program Files\Java\jdk1.8.0_91\bin;C:\Program Files\Java\jdk1.8.0_91\jre\bin;H:\maven\bin;C:\WINDOWS\system32;C:\WINDOWS;C:\WINDOWS\System32\Wbem;C:\WINDOWS\System32\WindowsPowerShell\v1.0\;E:\git\Git\cmd;C:\Program Files\Redis\;C:\WINDOWS\System32\OpenSSH\;C:\Python27;E:\ngrock0\ngrok1\windows_386;E:\es\elasticsearch-5.6.8\bin;JAVA_OPTS=-Xms64m -Xmx512;H:\gradle\gradle-4.1\bin;C:\Program Files\Redis;"C:\Program Files\Java\jdk1.8.0_91\bin;C:\Program Files\Java\jdk1.8.0_91\jre\bin";C:\Program Files (x86)\MySQL\MySQL Server 5.5\bin;C:\Program Files (x86)\Subversion\bin;C:\Users\ligengxian\AppData\Local\Microsoft\WindowsApps;;E:\webstrom\WebStorm 191.5701.27\bin;;.]
2019-04-04 18:37:51.140 INFO [main]o.a.catalina.core.ContainerBase.[Tomcat].[localhost].[/].log:173 -Initializing Spring embedded WebApplicationContext
2019-04-04 18:37:51.140 INFO [main]org.springframework.web.context.ContextLoader.prepareWebApplicationContext:296 -Root WebApplicationContext: initialization completed in 1295 ms
2019-04-04 18:37:51.773 INFO [main]o.s.scheduling.concurrent.ThreadPoolTaskExecutor.initialize:171 -Initializing ExecutorService 'applicationTaskExecutor'
2019-04-04 18:37:52.031 WARN [main]o.s.b.a.freemarker.FreeMarkerAutoConfiguration.checkTemplateLocationExists:70 -Cannot find template location(s): [classpath:/templates] (please add some templates, check your FreeMarker configuration, or set spring.freemarker.checkTemplateLocation=false)
2019-04-04 18:37:52.285 INFO [main]org.apache.coyote.http11.Http11NioProtocol.log:173 -Starting ProtocolHandler ["http-nio-8080"]
2019-04-04 18:37:52.318 INFO [main]o.s.boot.web.embedded.tomcat.TomcatWebServer.start:204 -Tomcat started on port(s): 8080 (http) with context path ''
2019-04-04 18:37:52.321 INFO [main]com.example.phone.PhoneApplication.logStarted:59 -Started PhoneApplication in 2.953 seconds (JVM running for 3.666)
2019-04-04 18:38:15.322 INFO [http-nio-8080-exec-1]o.a.catalina.core.ContainerBase.[Tomcat].[localhost].[/].log:173 -Initializing Spring DispatcherServlet 'dispatcherServlet'
2019-04-04 18:38:15.323 INFO [http-nio-8080-exec-1]org.springframework.web.servlet.DispatcherServlet.initServletBean:524 -Initializing Servlet 'dispatcherServlet'
2019-04-04 18:38:15.329 INFO [http-nio-8080-exec-1]org.springframework.web.servlet.DispatcherServlet.initServletBean:546 -Completed initialization in 6 ms
2019-04-04 18:38:31.227 INFO [main]com.example.phone.PhoneApplication.logStarting:50 -Starting PhoneApplication on DESKTOP-CNBG6IH with PID 28008 (H:\peixun\target\classes started by ligengxian in H:\peixun)
2019-04-04 18:38:31.237 INFO [main]com.example.phone.PhoneApplication.logStartupProfileInfo:675 -No active profile set, falling back to default profiles: default
2019-04-04 18:38:31.911 INFO [main]o.s.d.repository.config.RepositoryConfigurationDelegate.multipleStoresDetected:244 -Multiple Spring Data modules found, entering strict repository configuration mode!
2019-04-04 18:38:31.912 INFO [main]o.s.d.repository.config.RepositoryConfigurationDelegate.registerRepositoriesIn:126 -Bootstrapping Spring Data repositories in DEFAULT mode.
2019-04-04 18:38:31.935 INFO [main]o.s.d.repository.config.RepositoryConfigurationDelegate.registerRepositoriesIn:182 -Finished Spring Data repository scanning in 11ms. Found 0 repository interfaces.
2019-04-04 18:38:32.260 INFO [main]o.s.c.s.PostProcessorRegistrationDelegate$BeanPostProcessorChecker.postProcessAfterInitialization:330 -Bean 'org.springframework.transaction.annotation.ProxyTransactionManagementConfiguration' of type [org.springframework.transaction.annotation.ProxyTransactionManagementConfiguration$$EnhancerBySpringCGLIB$$54f86c2a] is not eligible for getting processed by all BeanPostProcessors (for example: not eligible for auto-proxying)
2019-04-04 18:38:32.573 INFO [main]o.s.boot.web.embedded.tomcat.TomcatWebServer.initialize:90 -Tomcat initialized with port(s): 8080 (http)
2019-04-04 18:38:32.583 INFO [main]org.apache.coyote.http11.Http11NioProtocol.log:173 -Initializing ProtocolHandler ["http-nio-8080"]
2019-04-04 18:38:32.591 INFO [main]org.apache.catalina.core.StandardService.log:173 -Starting service [Tomcat]
2019-04-04 18:38:32.592 INFO [main]org.apache.catalina.core.StandardEngine.log:173 -Starting Servlet engine: [Apache Tomcat/9.0.14]
2019-04-04 18:38:32.597 INFO [main]org.apache.catalina.core.AprLifecycleListener.log:173 -The APR based Apache Tomcat Native library which allows optimal performance in production environments was not found on the java.library.path: [E:\jdk1.8\bin;C:\WINDOWS\Sun\Java\bin;C:\WINDOWS\system32;C:\WINDOWS;E:\oracle\app\oracle\product\10.2.0\server\bin;C:\ProgramData\Oracle\Java\javapath;C:\Program Files (x86)\Intel\Intel(R) Management Engine Components\iCLS\;C:\Program Files\Intel\Intel(R) Management Engine Components\iCLS\;C:\Windows\system32;C:\Windows;C:\Windows\System32\Wbem;C:\Windows\System32\WindowsPowerShell\v1.0\;C:\Program Files (x86)\NVIDIA Corporation\PhysX\Common;C:\Program Files\Intel\WiFi\bin\;C:\Program Files\Common Files\Intel\WirelessCommon\;C:\Program Files (x86)\Intel\Intel(R) Management Engine Components\DAL;C:\Program Files\Intel\Intel(R) Management Engine Components\DAL;C:\Program Files (x86)\Intel\Intel(R) Management Engine Components\IPT;C:\Program Files\Intel\Intel(R) Management Engine Components\IPT;C:\Program Files\Java\jdk1.8.0_91\bin;C:\Program Files\Java\jdk1.8.0_91\jre\bin;H:\maven\bin;C:\WINDOWS\system32;C:\WINDOWS;C:\WINDOWS\System32\Wbem;C:\WINDOWS\System32\WindowsPowerShell\v1.0\;E:\git\Git\cmd;C:\Program Files\Redis\;C:\WINDOWS\System32\OpenSSH\;C:\Python27;E:\ngrock0\ngrok1\windows_386;E:\es\elasticsearch-5.6.8\bin;JAVA_OPTS=-Xms64m -Xmx512;H:\gradle\gradle-4.1\bin;C:\Program Files\Redis;"C:\Program Files\Java\jdk1.8.0_91\bin;C:\Program Files\Java\jdk1.8.0_91\jre\bin";C:\Program Files (x86)\MySQL\MySQL Server 5.5\bin;C:\Program Files (x86)\Subversion\bin;C:\Users\ligengxian\AppData\Local\Microsoft\WindowsApps;;E:\webstrom\WebStorm 191.5701.27\bin;;.]
2019-04-04 18:38:32.687 INFO [main]o.a.catalina.core.ContainerBase.[Tomcat].[localhost].[/].log:173 -Initializing Spring embedded WebApplicationContext
2019-04-04 18:38:32.687 INFO [main]org.springframework.web.context.ContextLoader.prepareWebApplicationContext:296 -Root WebApplicationContext: initialization completed in 1384 ms
2019-04-04 18:38:33.315 INFO [main]o.s.scheduling.concurrent.ThreadPoolTaskExecutor.initialize:171 -Initializing ExecutorService 'applicationTaskExecutor'
2019-04-04 18:38:33.599 WARN [main]o.s.b.a.freemarker.FreeMarkerAutoConfiguration.checkTemplateLocationExists:70 -Cannot find template location(s): [classpath:/templates] (please add some templates, check your FreeMarker configuration, or set spring.freemarker.checkTemplateLocation=false)
2019-04-04 18:38:33.676 INFO [main]org.apache.coyote.http11.Http11NioProtocol.log:173 -Starting ProtocolHandler ["http-nio-8080"]
2019-04-04 18:38:33.695 INFO [main]o.s.boot.web.embedded.tomcat.TomcatWebServer.start:204 -Tomcat started on port(s): 8080 (http) with context path ''
2019-04-04 18:38:33.698 INFO [main]com.example.phone.PhoneApplication.logStarted:59 -Started PhoneApplication in 2.975 seconds (JVM running for 3.711)
2019-04-04 18:38:58.622 INFO [http-nio-8080-exec-1]o.a.catalina.core.ContainerBase.[Tomcat].[localhost].[/].log:173 -Initializing Spring DispatcherServlet 'dispatcherServlet'
2019-04-04 18:38:58.623 INFO [http-nio-8080-exec-1]org.springframework.web.servlet.DispatcherServlet.initServletBean:524 -Initializing Servlet 'dispatcherServlet'
2019-04-04 18:38:58.628 INFO [http-nio-8080-exec-1]org.springframework.web.servlet.DispatcherServlet.initServletBean:546 -Completed initialization in 5 ms
2019-04-04 18:43:50.102 INFO [main]com.example.phone.PhoneApplication.logStarting:50 -Starting PhoneApplication on DESKTOP-CNBG6IH with PID 30920 (H:\peixun\target\classes started by ligengxian in H:\peixun)
2019-04-04 18:43:50.114 INFO [main]com.example.phone.PhoneApplication.logStartupProfileInfo:675 -No active profile set, falling back to default profiles: default
2019-04-04 18:43:50.799 INFO [main]o.s.d.repository.config.RepositoryConfigurationDelegate.multipleStoresDetected:244 -Multiple Spring Data modules found, entering strict repository configuration mode!
2019-04-04 18:43:50.801 INFO [main]o.s.d.repository.config.RepositoryConfigurationDelegate.registerRepositoriesIn:126 -Bootstrapping Spring Data repositories in DEFAULT mode.
2019-04-04 18:43:50.826 INFO [main]o.s.d.repository.config.RepositoryConfigurationDelegate.registerRepositoriesIn:182 -Finished Spring Data repository scanning in 13ms. Found 0 repository interfaces.
2019-04-04 18:43:51.120 INFO [main]o.s.c.s.PostProcessorRegistrationDelegate$BeanPostProcessorChecker.postProcessAfterInitialization:330 -Bean 'org.springframework.transaction.annotation.ProxyTransactionManagementConfiguration' of type [org.springframework.transaction.annotation.ProxyTransactionManagementConfiguration$$EnhancerBySpringCGLIB$$b2cd7f8a] is not eligible for getting processed by all BeanPostProcessors (for example: not eligible for auto-proxying)
2019-04-04 18:43:51.373 INFO [main]o.s.boot.web.embedded.tomcat.TomcatWebServer.initialize:90 -Tomcat initialized with port(s): 8080 (http)
2019-04-04 18:43:51.384 INFO [main]org.apache.coyote.http11.Http11NioProtocol.log:173 -Initializing ProtocolHandler ["http-nio-8080"]
2019-04-04 18:43:51.392 INFO [main]org.apache.catalina.core.StandardService.log:173 -Starting service [Tomcat]
2019-04-04 18:43:51.392 INFO [main]org.apache.catalina.core.StandardEngine.log:173 -Starting Servlet engine: [Apache Tomcat/9.0.14]
2019-04-04 18:43:51.397 INFO [main]org.apache.catalina.core.AprLifecycleListener.log:173 -The APR based Apache Tomcat Native library which allows optimal performance in production environments was not found on the java.library.path: [E:\jdk1.8\bin;C:\WINDOWS\Sun\Java\bin;C:\WINDOWS\system32;C:\WINDOWS;E:\oracle\app\oracle\product\10.2.0\server\bin;C:\ProgramData\Oracle\Java\javapath;C:\Program Files (x86)\Intel\Intel(R) Management Engine Components\iCLS\;C:\Program Files\Intel\Intel(R) Management Engine Components\iCLS\;C:\Windows\system32;C:\Windows;C:\Windows\System32\Wbem;C:\Windows\System32\WindowsPowerShell\v1.0\;C:\Program Files (x86)\NVIDIA Corporation\PhysX\Common;C:\Program Files\Intel\WiFi\bin\;C:\Program Files\Common Files\Intel\WirelessCommon\;C:\Program Files (x86)\Intel\Intel(R) Management Engine Components\DAL;C:\Program Files\Intel\Intel(R) Management Engine Components\DAL;C:\Program Files (x86)\Intel\Intel(R) Management Engine Components\IPT;C:\Program Files\Intel\Intel(R) Management Engine Components\IPT;C:\Program Files\Java\jdk1.8.0_91\bin;C:\Program Files\Java\jdk1.8.0_91\jre\bin;H:\maven\bin;C:\WINDOWS\system32;C:\WINDOWS;C:\WINDOWS\System32\Wbem;C:\WINDOWS\System32\WindowsPowerShell\v1.0\;E:\git\Git\cmd;C:\Program Files\Redis\;C:\WINDOWS\System32\OpenSSH\;C:\Python27;E:\ngrock0\ngrok1\windows_386;E:\es\elasticsearch-5.6.8\bin;JAVA_OPTS=-Xms64m -Xmx512;H:\gradle\gradle-4.1\bin;C:\Program Files\Redis;"C:\Program Files\Java\jdk1.8.0_91\bin;C:\Program Files\Java\jdk1.8.0_91\jre\bin";C:\Program Files (x86)\MySQL\MySQL Server 5.5\bin;C:\Program Files (x86)\Subversion\bin;C:\Users\ligengxian\AppData\Local\Microsoft\WindowsApps;;E:\webstrom\WebStorm 191.5701.27\bin;;.]
2019-04-04 18:43:51.481 INFO [main]o.a.catalina.core.ContainerBase.[Tomcat].[localhost].[/].log:173 -Initializing Spring embedded WebApplicationContext
2019-04-04 18:43:51.481 INFO [main]org.springframework.web.context.ContextLoader.prepareWebApplicationContext:296 -Root WebApplicationContext: initialization completed in 1298 ms
2019-04-04 18:43:52.108 INFO [main]o.s.scheduling.concurrent.ThreadPoolTaskExecutor.initialize:171 -Initializing ExecutorService 'applicationTaskExecutor'
2019-04-04 18:43:52.368 WARN [main]o.s.b.a.freemarker.FreeMarkerAutoConfiguration.checkTemplateLocationExists:70 -Cannot find template location(s): [classpath:/templates] (please add some templates, check your FreeMarker configuration, or set spring.freemarker.checkTemplateLocation=false)
2019-04-04 18:43:52.443 INFO [main]org.apache.coyote.http11.Http11NioProtocol.log:173 -Starting ProtocolHandler ["http-nio-8080"]
2019-04-04 18:43:52.464 INFO [main]o.s.boot.web.embedded.tomcat.TomcatWebServer.start:204 -Tomcat started on port(s): 8080 (http) with context path ''
2019-04-04 18:43:52.466 INFO [main]com.example.phone.PhoneApplication.logStarted:59 -Started PhoneApplication in 2.777 seconds (JVM running for 3.437)
2019-04-04 18:44:28.890 INFO [http-nio-8080-exec-1]o.a.catalina.core.ContainerBase.[Tomcat].[localhost].[/].log:173 -Initializing Spring DispatcherServlet 'dispatcherServlet'
2019-04-04 18:44:28.890 INFO [http-nio-8080-exec-1]org.springframework.web.servlet.DispatcherServlet.initServletBean:524 -Initializing Servlet 'dispatcherServlet'
2019-04-04 18:44:28.902 INFO [http-nio-8080-exec-1]org.springframework.web.servlet.DispatcherServlet.initServletBean:546 -Completed initialization in 12 ms
2019-04-04 18:44:28.992 INFO [http-nio-8080-exec-1]com.zaxxer.hikari.HikariDataSource.getConnection:110 -HikariPool-1 - Starting...
2019-04-04 18:44:29.198 INFO [http-nio-8080-exec-1]com.zaxxer.hikari.HikariDataSource.getConnection:123 -HikariPool-1 - Start completed.
2019-04-04 18:52:10.547 INFO [main]com.example.phone.PhoneApplication.logStarting:50 -Starting PhoneApplication on DESKTOP-CNBG6IH with PID 31400 (H:\peixun\target\classes started by ligengxian in H:\peixun)
2019-04-04 18:52:10.555 INFO [main]com.example.phone.PhoneApplication.logStartupProfileInfo:675 -No active profile set, falling back to default profiles: default
2019-04-04 18:52:11.117 INFO [main]o.s.d.repository.config.RepositoryConfigurationDelegate.multipleStoresDetected:244 -Multiple Spring Data modules found, entering strict repository configuration mode!
2019-04-04 18:52:11.119 INFO [main]o.s.d.repository.config.RepositoryConfigurationDelegate.registerRepositoriesIn:126 -Bootstrapping Spring Data repositories in DEFAULT mode.
2019-04-04 18:52:11.142 INFO [main]o.s.d.repository.config.RepositoryConfigurationDelegate.registerRepositoriesIn:182 -Finished Spring Data repository scanning in 11ms. Found 0 repository interfaces.
2019-04-04 18:52:11.457 INFO [main]o.s.c.s.PostProcessorRegistrationDelegate$BeanPostProcessorChecker.postProcessAfterInitialization:330 -Bean 'org.springframework.transaction.annotation.ProxyTransactionManagementConfiguration' of type [org.springframework.transaction.annotation.ProxyTransactionManagementConfiguration$$EnhancerBySpringCGLIB$$1a73973a] is not eligible for getting processed by all BeanPostProcessors (for example: not eligible for auto-proxying)
2019-04-04 18:52:11.726 INFO [main]o.s.boot.web.embedded.tomcat.TomcatWebServer.initialize:90 -Tomcat initialized with port(s): 8080 (http)
2019-04-04 18:52:11.739 INFO [main]org.apache.coyote.http11.Http11NioProtocol.log:173 -Initializing ProtocolHandler ["http-nio-8080"]
2019-04-04 18:52:11.747 INFO [main]org.apache.catalina.core.StandardService.log:173 -Starting service [Tomcat]
2019-04-04 18:52:11.747 INFO [main]org.apache.catalina.core.StandardEngine.log:173 -Starting Servlet engine: [Apache Tomcat/9.0.14]
2019-04-04 18:52:11.752 INFO [main]org.apache.catalina.core.AprLifecycleListener.log:173 -The APR based Apache Tomcat Native library which allows optimal performance in production environments was not found on the java.library.path: [E:\jdk1.8\bin;C:\WINDOWS\Sun\Java\bin;C:\WINDOWS\system32;C:\WINDOWS;E:\oracle\app\oracle\product\10.2.0\server\bin;C:\ProgramData\Oracle\Java\javapath;C:\Program Files (x86)\Intel\Intel(R) Management Engine Components\iCLS\;C:\Program Files\Intel\Intel(R) Management Engine Components\iCLS\;C:\Windows\system32;C:\Windows;C:\Windows\System32\Wbem;C:\Windows\System32\WindowsPowerShell\v1.0\;C:\Program Files (x86)\NVIDIA Corporation\PhysX\Common;C:\Program Files\Intel\WiFi\bin\;C:\Program Files\Common Files\Intel\WirelessCommon\;C:\Program Files (x86)\Intel\Intel(R) Management Engine Components\DAL;C:\Program Files\Intel\Intel(R) Management Engine Components\DAL;C:\Program Files (x86)\Intel\Intel(R) Management Engine Components\IPT;C:\Program Files\Intel\Intel(R) Management Engine Components\IPT;C:\Program Files\Java\jdk1.8.0_91\bin;C:\Program Files\Java\jdk1.8.0_91\jre\bin;H:\maven\bin;C:\WINDOWS\system32;C:\WINDOWS;C:\WINDOWS\System32\Wbem;C:\WINDOWS\System32\WindowsPowerShell\v1.0\;E:\git\Git\cmd;C:\Program Files\Redis\;C:\WINDOWS\System32\OpenSSH\;C:\Python27;E:\ngrock0\ngrok1\windows_386;E:\es\elasticsearch-5.6.8\bin;JAVA_OPTS=-Xms64m -Xmx512;H:\gradle\gradle-4.1\bin;C:\Program Files\Redis;"C:\Program Files\Java\jdk1.8.0_91\bin;C:\Program Files\Java\jdk1.8.0_91\jre\bin";C:\Program Files (x86)\MySQL\MySQL Server 5.5\bin;C:\Program Files (x86)\Subversion\bin;C:\Users\ligengxian\AppData\Local\Microsoft\WindowsApps;;E:\webstrom\WebStorm 191.5701.27\bin;;.]
2019-04-04 18:52:11.879 INFO [main]o.a.catalina.core.ContainerBase.[Tomcat].[localhost].[/].log:173 -Initializing Spring embedded WebApplicationContext
2019-04-04 18:52:11.880 INFO [main]org.springframework.web.context.ContextLoader.prepareWebApplicationContext:296 -Root WebApplicationContext: initialization completed in 1291 ms
2019-04-04 18:52:12.466 INFO [main]o.s.scheduling.concurrent.ThreadPoolTaskExecutor.initialize:171 -Initializing ExecutorService 'applicationTaskExecutor'
2019-04-04 18:52:12.731 WARN [main]o.s.b.a.freemarker.FreeMarkerAutoConfiguration.checkTemplateLocationExists:70 -Cannot find template location(s): [classpath:/templates] (please add some templates, check your FreeMarker configuration, or set spring.freemarker.checkTemplateLocation=false)
2019-04-04 18:52:12.817 INFO [main]org.apache.coyote.http11.Http11NioProtocol.log:173 -Starting ProtocolHandler ["http-nio-8080"]
2019-04-04 18:52:12.837 INFO [main]o.s.boot.web.embedded.tomcat.TomcatWebServer.start:204 -Tomcat started on port(s): 8080 (http) with context path ''
2019-04-04 18:52:12.840 INFO [main]com.example.phone.PhoneApplication.logStarted:59 -Started PhoneApplication in 2.706 seconds (JVM running for 3.416)
2019-04-04 18:53:14.918 INFO [http-nio-8080-exec-1]o.a.catalina.core.ContainerBase.[Tomcat].[localhost].[/].log:173 -Initializing Spring DispatcherServlet 'dispatcherServlet'
2019-04-04 18:53:14.918 INFO [http-nio-8080-exec-1]org.springframework.web.servlet.DispatcherServlet.initServletBean:524 -Initializing Servlet 'dispatcherServlet'
2019-04-04 18:53:14.924 INFO [http-nio-8080-exec-1]org.springframework.web.servlet.DispatcherServlet.initServletBean:546 -Completed initialization in 5 ms
2019-04-04 18:58:07.731 INFO [http-nio-8080-exec-3]io.lettuce.core.EpollProvider.<clinit>:68 -Starting without optional epoll library
2019-04-04 18:58:07.732 INFO [http-nio-8080-exec-3]io.lettuce.core.KqueueProvider.<clinit>:70 -Starting without optional kqueue library
2019-04-04 20:29:53.405 INFO [main]com.example.phone.PhoneApplication.logStarting:50 -Starting PhoneApplication on DESKTOP-CNBG6IH with PID 31900 (H:\peixun\target\classes started by ligengxian in H:\peixun)
2019-04-04 20:29:53.407 INFO [main]com.example.phone.PhoneApplication.logStartupProfileInfo:675 -No active profile set, falling back to default profiles: default
2019-04-04 20:29:54.468 INFO [main]o.s.d.repository.config.RepositoryConfigurationDelegate.multipleStoresDetected:244 -Multiple Spring Data modules found, entering strict repository configuration mode!
2019-04-04 20:29:54.470 INFO [main]o.s.d.repository.config.RepositoryConfigurationDelegate.registerRepositoriesIn:126 -Bootstrapping Spring Data repositories in DEFAULT mode.
2019-04-04 20:29:54.493 INFO [main]o.s.d.repository.config.RepositoryConfigurationDelegate.registerRepositoriesIn:182 -Finished Spring Data repository scanning in 12ms. Found 0 repository interfaces.
2019-04-04 20:29:54.814 INFO [main]o.s.c.s.PostProcessorRegistrationDelegate$BeanPostProcessorChecker.postProcessAfterInitialization:330 -Bean 'org.springframework.transaction.annotation.ProxyTransactionManagementConfiguration' of type [org.springframework.transaction.annotation.ProxyTransactionManagementConfiguration$$EnhancerBySpringCGLIB$$1a73973a] is not eligible for getting processed by all BeanPostProcessors (for example: not eligible for auto-proxying)
2019-04-04 20:29:55.237 INFO [main]o.s.boot.web.embedded.tomcat.TomcatWebServer.initialize:90 -Tomcat initialized with port(s): 8080 (http)
2019-04-04 20:29:55.252 INFO [main]org.apache.coyote.http11.Http11NioProtocol.log:173 -Initializing ProtocolHandler ["http-nio-8080"]
2019-04-04 20:29:55.275 INFO [main]org.apache.catalina.core.StandardService.log:173 -Starting service [Tomcat]
2019-04-04 20:29:55.275 INFO [main]org.apache.catalina.core.StandardEngine.log:173 -Starting Servlet engine: [Apache Tomcat/9.0.14]
2019-04-04 20:29:55.281 INFO [main]org.apache.catalina.core.AprLifecycleListener.log:173 -The APR based Apache Tomcat Native library which allows optimal performance in production environments was not found on the java.library.path: [E:\jdk1.8\bin;C:\WINDOWS\Sun\Java\bin;C:\WINDOWS\system32;C:\WINDOWS;E:\oracle\app\oracle\product\10.2.0\server\bin;C:\ProgramData\Oracle\Java\javapath;C:\Program Files (x86)\Intel\Intel(R) Management Engine Components\iCLS\;C:\Program Files\Intel\Intel(R) Management Engine Components\iCLS\;C:\Windows\system32;C:\Windows;C:\Windows\System32\Wbem;C:\Windows\System32\WindowsPowerShell\v1.0\;C:\Program Files (x86)\NVIDIA Corporation\PhysX\Common;C:\Program Files\Intel\WiFi\bin\;C:\Program Files\Common Files\Intel\WirelessCommon\;C:\Program Files (x86)\Intel\Intel(R) Management Engine Components\DAL;C:\Program Files\Intel\Intel(R) Management Engine Components\DAL;C:\Program Files (x86)\Intel\Intel(R) Management Engine Components\IPT;C:\Program Files\Intel\Intel(R) Management Engine Components\IPT;C:\Program Files\Java\jdk1.8.0_91\bin;C:\Program Files\Java\jdk1.8.0_91\jre\bin;H:\maven\bin;C:\WINDOWS\system32;C:\WINDOWS;C:\WINDOWS\System32\Wbem;C:\WINDOWS\System32\WindowsPowerShell\v1.0\;E:\git\Git\cmd;C:\Program Files\Redis\;C:\WINDOWS\System32\OpenSSH\;C:\Python27;E:\ngrock0\ngrok1\windows_386;E:\es\elasticsearch-5.6.8\bin;JAVA_OPTS=-Xms64m -Xmx512;H:\gradle\gradle-4.1\bin;C:\Program Files\Redis;"C:\Program Files\Java\jdk1.8.0_91\bin;C:\Program Files\Java\jdk1.8.0_91\jre\bin";C:\Program Files (x86)\MySQL\MySQL Server 5.5\bin;C:\Program Files (x86)\Subversion\bin;C:\Users\ligengxian\AppData\Local\Microsoft\WindowsApps;;E:\webstrom\WebStorm 191.5701.27\bin;;.]
2019-04-04 20:29:55.410 INFO [main]o.a.catalina.core.ContainerBase.[Tomcat].[localhost].[/].log:173 -Initializing Spring embedded WebApplicationContext
2019-04-04 20:29:55.411 INFO [main]org.springframework.web.context.ContextLoader.prepareWebApplicationContext:296 -Root WebApplicationContext: initialization completed in 1948 ms
2019-04-04 20:29:56.223 INFO [main]o.s.scheduling.concurrent.ThreadPoolTaskExecutor.initialize:171 -Initializing ExecutorService 'applicationTaskExecutor'
2019-04-04 20:29:56.506 WARN [main]o.s.b.a.freemarker.FreeMarkerAutoConfiguration.checkTemplateLocationExists:70 -Cannot find template location(s): [classpath:/templates] (please add some templates, check your FreeMarker configuration, or set spring.freemarker.checkTemplateLocation=false)
2019-04-04 20:29:56.585 INFO [main]org.apache.coyote.http11.Http11NioProtocol.log:173 -Starting ProtocolHandler ["http-nio-8080"]
2019-04-04 20:29:56.606 INFO [main]o.s.boot.web.embedded.tomcat.TomcatWebServer.start:204 -Tomcat started on port(s): 8080 (http) with context path ''
2019-04-04 20:29:56.608 INFO [main]com.example.phone.PhoneApplication.logStarted:59 -Started PhoneApplication in 3.875 seconds (JVM running for 5.185)
2019-04-04 20:30:04.708 INFO [http-nio-8080-exec-1]o.a.catalina.core.ContainerBase.[Tomcat].[localhost].[/].log:173 -Initializing Spring DispatcherServlet 'dispatcherServlet'
2019-04-04 20:30:04.709 INFO [http-nio-8080-exec-1]org.springframework.web.servlet.DispatcherServlet.initServletBean:524 -Initializing Servlet 'dispatcherServlet'
2019-04-04 20:30:04.718 INFO [http-nio-8080-exec-1]org.springframework.web.servlet.DispatcherServlet.initServletBean:546 -Completed initialization in 9 ms
2019-04-04 20:30:04.791 INFO [http-nio-8080-exec-1]com.zaxxer.hikari.HikariDataSource.getConnection:110 -HikariPool-1 - Starting...
2019-04-04 20:30:04.943 INFO [http-nio-8080-exec-1]com.zaxxer.hikari.HikariDataSource.getConnection:123 -HikariPool-1 - Start completed.
