2019-02-09 21:31:43.063 INFO [main]com.example.phone.PhoneApplication.logStarting:50 -Starting PhoneApplication on DESKTOP-CNBG6IH with PID 3636 (H:\peixun\target\classes started by ligengxian in H:\peixun)
2019-02-09 21:31:43.065 INFO [main]com.example.phone.PhoneApplication.logStartupProfileInfo:675 -No active profile set, falling back to default profiles: default
2019-02-09 21:31:43.686 INFO [main]o.s.d.repository.config.RepositoryConfigurationDelegate.multipleStoresDetected:244 -Multiple Spring Data modules found, entering strict repository configuration mode!
2019-02-09 21:31:43.688 INFO [main]o.s.d.repository.config.RepositoryConfigurationDelegate.registerRepositoriesIn:126 -Bootstrapping Spring Data repositories in DEFAULT mode.
2019-02-09 21:31:43.716 INFO [main]o.s.d.repository.config.RepositoryConfigurationDelegate.registerRepositoriesIn:182 -Finished Spring Data repository scanning in 8ms. Found 0 repository interfaces.
2019-02-09 21:31:44.040 INFO [main]o.s.c.s.PostProcessorRegistrationDelegate$BeanPostProcessorChecker.postProcessAfterInitialization:330 -Bean 'org.springframework.transaction.annotation.ProxyTransactionManagementConfiguration' of type [org.springframework.transaction.annotation.ProxyTransactionManagementConfiguration$$EnhancerBySpringCGLIB$$de80b961] is not eligible for getting processed by all BeanPostProcessors (for example: not eligible for auto-proxying)
2019-02-09 21:31:44.305 INFO [main]o.s.boot.web.embedded.tomcat.TomcatWebServer.initialize:90 -Tomcat initialized with port(s): 8080 (http)
2019-02-09 21:31:44.317 INFO [main]org.apache.coyote.http11.Http11NioProtocol.log:173 -Initializing ProtocolHandler ["http-nio-8080"]
2019-02-09 21:31:44.416 INFO [main]org.apache.catalina.core.StandardService.log:173 -Starting service [Tomcat]
2019-02-09 21:31:44.416 INFO [main]org.apache.catalina.core.StandardEngine.log:173 -Starting Servlet engine: [Apache Tomcat/9.0.14]
2019-02-09 21:31:44.421 INFO [main]org.apache.catalina.core.AprLifecycleListener.log:173 -The APR based Apache Tomcat Native library which allows optimal performance in production environments was not found on the java.library.path: [E:\jdk1.8\bin;C:\WINDOWS\Sun\Java\bin;C:\WINDOWS\system32;C:\WINDOWS;E:\oracle\app\oracle\product\10.2.0\server\bin;C:\ProgramData\Oracle\Java\javapath;C:\Program Files (x86)\Intel\Intel(R) Management Engine Components\iCLS\;C:\Program Files\Intel\Intel(R) Management Engine Components\iCLS\;C:\Windows\system32;C:\Windows;C:\Windows\System32\Wbem;C:\Windows\System32\WindowsPowerShell\v1.0\;C:\Program Files (x86)\NVIDIA Corporation\PhysX\Common;C:\Program Files\Intel\WiFi\bin\;C:\Program Files\Common Files\Intel\WirelessCommon\;C:\Program Files (x86)\Intel\Intel(R) Management Engine Components\DAL;C:\Program Files\Intel\Intel(R) Management Engine Components\DAL;C:\Program Files (x86)\Intel\Intel(R) Management Engine Components\IPT;C:\Program Files\Intel\Intel(R) Management Engine Components\IPT;C:\Program Files\Java\jdk1.8.0_91\bin;C:\Program Files\Java\jdk1.8.0_91\jre\bin;H:\maven\bin;C:\WINDOWS\system32;C:\WINDOWS;C:\WINDOWS\System32\Wbem;C:\WINDOWS\System32\WindowsPowerShell\v1.0\;E:\git\Git\cmd;C:\Program Files\Redis\;C:\WINDOWS\System32\OpenSSH\;C:\Python27;E:\ngrock0\ngrok1\windows_386;E:\es\elasticsearch-5.6.8\bin;JAVA_OPTS=-Xms64m -Xmx512;H:\gradle\gradle-4.1\bin;C:\Program Files\Redis;"C:\Program Files\Java\jdk1.8.0_91\bin;C:\Program Files\Java\jdk1.8.0_91\jre\bin";C:\Program Files (x86)\MySQL\MySQL Server 5.5\bin;C:\Users\ligengxian\AppData\Local\Microsoft\WindowsApps;;.]
2019-02-09 21:31:44.512 INFO [main]o.a.catalina.core.ContainerBase.[Tomcat].[localhost].[/].log:173 -Initializing Spring embedded WebApplicationContext
2019-02-09 21:31:44.512 INFO [main]org.springframework.web.context.ContextLoader.prepareWebApplicationContext:296 -Root WebApplicationContext: initialization completed in 1393 ms
2019-02-09 21:31:44.597 WARN [main]o.s.b.w.s.c.AnnotationConfigServletWebServerApplicationContext.refresh:554 -Exception encountered during context initialization - cancelling refresh attempt: org.springframework.beans.factory.UnsatisfiedDependencyException: Error creating bean with name 'loginServiceImpl': Unsatisfied dependency expressed through field 'loginmapper'; nested exception is org.springframework.beans.factory.UnsatisfiedDependencyException: Error creating bean with name 'loginMapper' defined in file [H:\peixun\target\classes\com\example\phone\Mapper\loginMapper.class]: Unsatisfied dependency expressed through bean property 'sqlSessionFactory'; nested exception is org.springframework.beans.factory.UnsatisfiedDependencyException: Error creating bean with name 'sqlSessionFactory' defined in class path resource [org/mybatis/spring/boot/autoconfigure/MybatisAutoConfiguration.class]: Unsatisfied dependency expressed through method 'sqlSessionFactory' parameter 0; nested exception is org.springframework.beans.factory.BeanCreationException: Error creating bean with name 'dataSource' defined in class path resource [org/springframework/boot/autoconfigure/jdbc/DataSourceConfiguration$Hikari.class]: Bean instantiation via factory method failed; nested exception is org.springframework.beans.BeanInstantiationException: Failed to instantiate [com.zaxxer.hikari.HikariDataSource]: Factory method 'dataSource' threw exception; nested exception is org.springframework.boot.context.properties.bind.BindException: Failed to bind properties under '' to com.zaxxer.hikari.HikariDataSource
2019-02-09 21:31:44.599 INFO [main]org.apache.catalina.core.StandardService.log:173 -Stopping service [Tomcat]
2019-02-09 21:31:44.607 INFO [main]o.s.b.a.logging.ConditionEvaluationReportLoggingListener.logMessage:142 -

Error starting ApplicationContext. To display the conditions report re-run your application with 'debug' enabled.
2019-02-09 21:33:11.442 INFO [main]com.example.phone.PhoneApplication.logStarting:50 -Starting PhoneApplication on DESKTOP-CNBG6IH with PID 6800 (H:\peixun\target\classes started by ligengxian in H:\peixun)
2019-02-09 21:33:11.450 INFO [main]com.example.phone.PhoneApplication.logStartupProfileInfo:675 -No active profile set, falling back to default profiles: default
2019-02-09 21:33:11.946 INFO [main]o.s.d.repository.config.RepositoryConfigurationDelegate.multipleStoresDetected:244 -Multiple Spring Data modules found, entering strict repository configuration mode!
2019-02-09 21:33:11.947 INFO [main]o.s.d.repository.config.RepositoryConfigurationDelegate.registerRepositoriesIn:126 -Bootstrapping Spring Data repositories in DEFAULT mode.
2019-02-09 21:33:11.967 INFO [main]o.s.d.repository.config.RepositoryConfigurationDelegate.registerRepositoriesIn:182 -Finished Spring Data repository scanning in 7ms. Found 0 repository interfaces.
2019-02-09 21:33:12.209 INFO [main]o.s.c.s.PostProcessorRegistrationDelegate$BeanPostProcessorChecker.postProcessAfterInitialization:330 -Bean 'org.springframework.transaction.annotation.ProxyTransactionManagementConfiguration' of type [org.springframework.transaction.annotation.ProxyTransactionManagementConfiguration$$EnhancerBySpringCGLIB$$d3e7449] is not eligible for getting processed by all BeanPostProcessors (for example: not eligible for auto-proxying)
2019-02-09 21:33:12.476 INFO [main]o.s.boot.web.embedded.tomcat.TomcatWebServer.initialize:90 -Tomcat initialized with port(s): 8080 (http)
2019-02-09 21:33:12.487 INFO [main]org.apache.coyote.http11.Http11NioProtocol.log:173 -Initializing ProtocolHandler ["http-nio-8080"]
2019-02-09 21:33:12.497 INFO [main]org.apache.catalina.core.StandardService.log:173 -Starting service [Tomcat]
2019-02-09 21:33:12.498 INFO [main]org.apache.catalina.core.StandardEngine.log:173 -Starting Servlet engine: [Apache Tomcat/9.0.14]
2019-02-09 21:33:12.502 INFO [main]org.apache.catalina.core.AprLifecycleListener.log:173 -The APR based Apache Tomcat Native library which allows optimal performance in production environments was not found on the java.library.path: [E:\jdk1.8\bin;C:\WINDOWS\Sun\Java\bin;C:\WINDOWS\system32;C:\WINDOWS;E:\oracle\app\oracle\product\10.2.0\server\bin;C:\ProgramData\Oracle\Java\javapath;C:\Program Files (x86)\Intel\Intel(R) Management Engine Components\iCLS\;C:\Program Files\Intel\Intel(R) Management Engine Components\iCLS\;C:\Windows\system32;C:\Windows;C:\Windows\System32\Wbem;C:\Windows\System32\WindowsPowerShell\v1.0\;C:\Program Files (x86)\NVIDIA Corporation\PhysX\Common;C:\Program Files\Intel\WiFi\bin\;C:\Program Files\Common Files\Intel\WirelessCommon\;C:\Program Files (x86)\Intel\Intel(R) Management Engine Components\DAL;C:\Program Files\Intel\Intel(R) Management Engine Components\DAL;C:\Program Files (x86)\Intel\Intel(R) Management Engine Components\IPT;C:\Program Files\Intel\Intel(R) Management Engine Components\IPT;C:\Program Files\Java\jdk1.8.0_91\bin;C:\Program Files\Java\jdk1.8.0_91\jre\bin;H:\maven\bin;C:\WINDOWS\system32;C:\WINDOWS;C:\WINDOWS\System32\Wbem;C:\WINDOWS\System32\WindowsPowerShell\v1.0\;E:\git\Git\cmd;C:\Program Files\Redis\;C:\WINDOWS\System32\OpenSSH\;C:\Python27;E:\ngrock0\ngrok1\windows_386;E:\es\elasticsearch-5.6.8\bin;JAVA_OPTS=-Xms64m -Xmx512;H:\gradle\gradle-4.1\bin;C:\Program Files\Redis;"C:\Program Files\Java\jdk1.8.0_91\bin;C:\Program Files\Java\jdk1.8.0_91\jre\bin";C:\Program Files (x86)\MySQL\MySQL Server 5.5\bin;C:\Users\ligengxian\AppData\Local\Microsoft\WindowsApps;;.]
2019-02-09 21:33:12.585 INFO [main]o.a.catalina.core.ContainerBase.[Tomcat].[localhost].[/].log:173 -Initializing Spring embedded WebApplicationContext
2019-02-09 21:33:12.586 INFO [main]org.springframework.web.context.ContextLoader.prepareWebApplicationContext:296 -Root WebApplicationContext: initialization completed in 1089 ms
2019-02-09 21:33:13.183 INFO [main]o.s.scheduling.concurrent.ThreadPoolTaskExecutor.initialize:171 -Initializing ExecutorService 'applicationTaskExecutor'
2019-02-09 21:33:13.438 WARN [main]o.s.b.a.freemarker.FreeMarkerAutoConfiguration.checkTemplateLocationExists:70 -Cannot find template location(s): [classpath:/templates] (please add some templates, check your FreeMarker configuration, or set spring.freemarker.checkTemplateLocation=false)
2019-02-09 21:33:13.504 INFO [main]org.apache.coyote.http11.Http11NioProtocol.log:173 -Starting ProtocolHandler ["http-nio-8080"]
2019-02-09 21:33:13.530 INFO [main]o.s.boot.web.embedded.tomcat.TomcatWebServer.start:204 -Tomcat started on port(s): 8080 (http) with context path ''
2019-02-09 21:33:13.532 INFO [main]com.example.phone.PhoneApplication.logStarted:59 -Started PhoneApplication in 2.478 seconds (JVM running for 3.109)
2019-02-09 21:34:39.967 INFO [http-nio-8080-exec-1]o.a.catalina.core.ContainerBase.[Tomcat].[localhost].[/].log:173 -Initializing Spring DispatcherServlet 'dispatcherServlet'
2019-02-09 21:34:39.968 INFO [http-nio-8080-exec-1]org.springframework.web.servlet.DispatcherServlet.initServletBean:524 -Initializing Servlet 'dispatcherServlet'
2019-02-09 21:34:39.975 INFO [http-nio-8080-exec-1]org.springframework.web.servlet.DispatcherServlet.initServletBean:546 -Completed initialization in 7 ms
2019-02-09 21:34:40.675 INFO [http-nio-8080-exec-1]io.lettuce.core.EpollProvider.<clinit>:68 -Starting without optional epoll library
2019-02-09 21:34:40.676 INFO [http-nio-8080-exec-1]io.lettuce.core.KqueueProvider.<clinit>:70 -Starting without optional kqueue library
2019-02-09 21:35:32.268 INFO [http-nio-8080-exec-3]com.zaxxer.hikari.HikariDataSource.getConnection:110 -HikariPool-1 - Starting...
2019-02-09 21:35:32.400 INFO [http-nio-8080-exec-3]com.zaxxer.hikari.HikariDataSource.getConnection:123 -HikariPool-1 - Start completed.
